#
# There is insufficient memory for the Java Runtime Environment to continue.
# Native memory allocation (malloc) failed to allocate 331616 bytes for Chunk::new
# Possible reasons:
#   The system is out of physical RAM or swap space
#   The process is running with CompressedOops enabled, and the Java Heap may be blocking the growth of the native heap
# Possible solutions:
#   Reduce memory load on the system
#   Increase physical memory or swap space
#   Check if swap backing store is full
#   Decrease Java heap size (-Xmx/-Xms)
#   Decrease number of Java threads
#   Decrease Java thread stack sizes (-Xss)
#   Set larger code cache with -XX:ReservedCodeCacheSize=
#   JVM is running with Unscaled Compressed Oops mode in which the Java heap is
#     placed in the first 4GB address space. The Java Heap base address is the
#     maximum limit for the native heap growth. Please use -XX:HeapBaseMinAddress
#     to set the Java Heap base and to place the Java Heap above 4GB virtual address.
# This output file may be truncated or incomplete.
#
#  Out of Memory Error (./src/hotspot/share/memory/arena.cpp:197), pid=13828, tid=16612
#
# JRE version: OpenJDK Runtime Environment (11.0.10) (build 11.0.10+0-b96-7249189)
# Java VM: OpenJDK 64-Bit Server VM (11.0.10+0-b96-7249189, mixed mode, tiered, compressed oops, g1 gc, windows-amd64)
# No core dump will be written. Minidumps are not enabled by default on client versions of Windows
#

---------------  S U M M A R Y ------------

Command Line: --add-opens=java.base/java.util=ALL-UNNAMED --add-opens=java.base/java.lang=ALL-UNNAMED --add-opens=java.base/java.lang.invoke=ALL-UNNAMED --add-opens=java.base/java.util=ALL-UNNAMED --add-opens=java.prefs/java.util.prefs=ALL-UNNAMED --add-opens=java.prefs/java.util.prefs=ALL-UNNAMED --add-opens=java.base/java.nio.charset=ALL-UNNAMED --add-opens=java.base/java.net=ALL-UNNAMED --add-opens=java.base/java.util.concurrent.atomic=ALL-UNNAMED -Xmx1536m -Dfile.encoding=windows-1251 -Duser.country=RU -Duser.language=ru -Duser.variant org.gradle.launcher.daemon.bootstrap.GradleDaemon 7.0.2

Host: Intel(R) Core(TM) i7-6700 CPU @ 3.40GHz, 8 cores, 7G,  Windows 10 , 64 bit Build 19041 (10.0.19041.928)
Time: Wed Nov 10 08:37:50 2021 RTZ 2 (зима) elapsed time: 7.415238 seconds (0d 0h 0m 7s)

---------------  T H R E A D  ---------------

Current thread (0x0000019d809cf800):  JavaThread "C2 CompilerThread2" daemon [_thread_in_native, id=16612, stack(0x000000241ef00000,0x000000241f000000)]


Current CompileTask:
C2:   7415 6041       4       java.net.URLClassLoader::getAndVerifyPackage (109 bytes)

Stack: [0x000000241ef00000,0x000000241f000000]
Native frames: (J=compiled Java code, j=interpreted, Vv=VM code, C=native code)
V  [jvm.dll+0x5ecfaa]
V  [jvm.dll+0x722bd5]
V  [jvm.dll+0x72412d]
V  [jvm.dll+0x7247e3]
V  [jvm.dll+0x242928]
V  [jvm.dll+0xbc4fc]
V  [jvm.dll+0xbca0c]
V  [jvm.dll+0x2b4fd4]
V  [jvm.dll+0x506028]
V  [jvm.dll+0x203253]
V  [jvm.dll+0x1fd07c]
V  [jvm.dll+0x1fa77f]
V  [jvm.dll+0x18354c]
V  [jvm.dll+0x208ee7]
V  [jvm.dll+0x207731]
V  [jvm.dll+0x6eb1cf]
V  [jvm.dll+0x6e3d45]
V  [jvm.dll+0x5ebe96]
C  [ucrtbase.dll+0x21bb2]
C  [KERNEL32.DLL+0x17034]
C  [ntdll.dll+0x52651]


---------------  P R O C E S S  ---------------

Threads class SMR info:
_java_thread_list=0x0000019dfea61cd0, length=52, elements={
0x0000019ddef89800, 0x0000019df88af000, 0x0000019df88b8000, 0x0000019df88ca000,
0x0000019df88cb000, 0x0000019df88cc000, 0x0000019df88db800, 0x0000019df88e1000,
0x0000019df88ec800, 0x0000019df93a4000, 0x0000019dfb65a000, 0x0000019dfa94a800,
0x0000019df95fd800, 0x0000019df95d9800, 0x0000019dfacba800, 0x0000019dfb900800,
0x0000019dfb8fa800, 0x0000019dfb719800, 0x0000019dfba33000, 0x0000019dfc407000,
0x0000019dfc408800, 0x0000019dfc407800, 0x0000019dfc402800, 0x0000019dfc409800,
0x0000019dfc403800, 0x0000019dfc404800, 0x0000019dfc406000, 0x0000019dfc405000,
0x0000019dff1a5800, 0x0000019dff1a8000, 0x0000019dff1a7000, 0x0000019dff1a3000,
0x0000019dff1a2000, 0x0000019dff1aa800, 0x0000019dff1a4800, 0x0000019dff1ad000,
0x0000019dff1b0000, 0x0000019dff1af800, 0x0000019dff1ab000, 0x0000019dff1ac000,
0x0000019dff1ad800, 0x0000019dff1ae800, 0x0000019dff1b1000, 0x0000019dfcd50800,
0x0000019dfcd4f800, 0x0000019dfcd53000, 0x0000019dfcd54000, 0x0000019dfcd54800,
0x0000019dfcd4f000, 0x0000019dfc6c8800, 0x0000019d809cf800, 0x0000019dfcd55800
}

Java Threads: ( => current thread )
  0x0000019ddef89800 JavaThread "main" [_thread_blocked, id=7764, stack(0x000000241c300000,0x000000241c400000)]
  0x0000019df88af000 JavaThread "Reference Handler" daemon [_thread_blocked, id=716, stack(0x000000241ca00000,0x000000241cb00000)]
  0x0000019df88b8000 JavaThread "Finalizer" daemon [_thread_blocked, id=276, stack(0x000000241cb00000,0x000000241cc00000)]
  0x0000019df88ca000 JavaThread "Signal Dispatcher" daemon [_thread_blocked, id=1300, stack(0x000000241cc00000,0x000000241cd00000)]
  0x0000019df88cb000 JavaThread "Attach Listener" daemon [_thread_blocked, id=17676, stack(0x000000241cd00000,0x000000241ce00000)]
  0x0000019df88cc000 JavaThread "Service Thread" daemon [_thread_blocked, id=13784, stack(0x000000241ce00000,0x000000241cf00000)]
  0x0000019df88db800 JavaThread "C2 CompilerThread0" daemon [_thread_blocked, id=9212, stack(0x000000241cf00000,0x000000241d000000)]
  0x0000019df88e1000 JavaThread "C1 CompilerThread0" daemon [_thread_blocked, id=6464, stack(0x000000241d000000,0x000000241d100000)]
  0x0000019df88ec800 JavaThread "Sweeper thread" daemon [_thread_blocked, id=7916, stack(0x000000241d100000,0x000000241d200000)]
  0x0000019df93a4000 JavaThread "Common-Cleaner" daemon [_thread_blocked, id=7568, stack(0x000000241d200000,0x000000241d300000)]
  0x0000019dfb65a000 JavaThread "Daemon health stats" [_thread_blocked, id=2444, stack(0x000000241d800000,0x000000241d900000)]
  0x0000019dfa94a800 JavaThread "Incoming local TCP Connector on port 1536" [_thread_in_native, id=13088, stack(0x000000241d400000,0x000000241d500000)]
  0x0000019df95fd800 JavaThread "Daemon periodic checks" [_thread_blocked, id=16284, stack(0x000000241d500000,0x000000241d600000)]
  0x0000019df95d9800 JavaThread "Daemon" [_thread_blocked, id=6156, stack(0x000000241d900000,0x000000241da00000)]
  0x0000019dfacba800 JavaThread "Handler for socket connection from /127.0.0.1:1536 to /127.0.0.1:1537" [_thread_in_native, id=13968, stack(0x000000241da00000,0x000000241db00000)]
  0x0000019dfb900800 JavaThread "Cancel handler" [_thread_blocked, id=2276, stack(0x000000241db00000,0x000000241dc00000)]
  0x0000019dfb8fa800 JavaThread "Daemon worker" [_thread_in_vm, id=11112, stack(0x000000241dc00000,0x000000241dd00000)]
  0x0000019dfb719800 JavaThread "Asynchronous log dispatcher for DefaultDaemonConnection: socket connection from /127.0.0.1:1536 to /127.0.0.1:1537" [_thread_blocked, id=9972, stack(0x000000241dd00000,0x000000241de00000)]
  0x0000019dfba33000 JavaThread "Stdin handler" [_thread_blocked, id=17052, stack(0x000000241de00000,0x000000241df00000)]
  0x0000019dfc407000 JavaThread "Daemon client event forwarder" [_thread_blocked, id=7744, stack(0x000000241df00000,0x000000241e000000)]
  0x0000019dfc408800 JavaThread "Cache worker for file hash cache (C:\Users\fariseev-ps\.gradle\caches\7.0.2\fileHashes)" [_thread_blocked, id=15688, stack(0x000000241e500000,0x000000241e600000)]
  0x0000019dfc407800 JavaThread "File lock request listener" [_thread_in_native, id=8320, stack(0x000000241e600000,0x000000241e700000)]
  0x0000019dfc402800 JavaThread "Cache worker for journal cache (C:\Users\fariseev-ps\.gradle\caches\journal-1)" [_thread_blocked, id=8380, stack(0x000000241e800000,0x000000241e900000)]
  0x0000019dfc409800 JavaThread "Cache worker for file hash cache (C:\Users\fariseev-ps\StudioProjects\Sprkpmes\.gradle\7.0.2\fileHashes)" [_thread_blocked, id=17432, stack(0x000000241ea00000,0x000000241eb00000)]
  0x0000019dfc403800 JavaThread "File watcher server" daemon [_thread_in_native, id=1932, stack(0x000000241eb00000,0x000000241ec00000)]
  0x0000019dfc404800 JavaThread "File watcher consumer" daemon [_thread_blocked, id=5456, stack(0x000000241ec00000,0x000000241ed00000)]
  0x0000019dfc406000 JavaThread "Cache worker for checksums cache (C:\Users\fariseev-ps\StudioProjects\Sprkpmes\.gradle\checksums)" [_thread_blocked, id=6868, stack(0x000000241ed00000,0x000000241ee00000)]
  0x0000019dfc405000 JavaThread "Cache worker for cache directory md-supplier (C:\Users\fariseev-ps\.gradle\caches\7.0.2\md-supplier)" [_thread_blocked, id=12520, stack(0x000000241ee00000,0x000000241ef00000)]
  0x0000019dff1a5800 JavaThread "Cache worker for cache directory md-rule (C:\Users\fariseev-ps\.gradle\caches\7.0.2\md-rule)" [_thread_blocked, id=14100, stack(0x000000241f000000,0x000000241f100000)]
  0x0000019dff1a8000 JavaThread "Cache worker for execution history cache (C:\Users\fariseev-ps\.gradle\caches\7.0.2\executionHistory)" [_thread_blocked, id=16728, stack(0x000000241f100000,0x000000241f200000)]
  0x0000019dff1a7000 JavaThread "jar transforms" [_thread_blocked, id=17276, stack(0x000000241f200000,0x000000241f300000)]
  0x0000019dff1a3000 JavaThread "jar transforms Thread 2" [_thread_blocked, id=17460, stack(0x000000241f300000,0x000000241f400000)]
  0x0000019dff1a2000 JavaThread "Cache worker for file content cache (C:\Users\fariseev-ps\.gradle\caches\7.0.2\fileContent)" [_thread_blocked, id=15256, stack(0x000000241f400000,0x000000241f500000)]
  0x0000019dff1aa800 JavaThread "Cache worker for dependencies-accessors (C:\Users\fariseev-ps\StudioProjects\Sprkpmes\.gradle\7.0.2\dependencies-accessors)" [_thread_blocked, id=9936, stack(0x000000241f500000,0x000000241f600000)]
  0x0000019dff1a4800 JavaThread "jar transforms Thread 3" [_thread_blocked, id=16320, stack(0x000000241f600000,0x000000241f700000)]
  0x0000019dff1ad000 JavaThread "Cache worker for Build Output Cleanup Cache (C:\Users\fariseev-ps\StudioProjects\Sprkpmes\.gradle\buildOutputCleanup)" [_thread_blocked, id=16800, stack(0x000000241f700000,0x000000241f800000)]
  0x0000019dff1b0000 JavaThread "Build operations" [_thread_blocked, id=16744, stack(0x000000241f800000,0x000000241f900000)]
  0x0000019dff1af800 JavaThread "Build operations Thread 2" [_thread_blocked, id=1752, stack(0x000000241f900000,0x000000241fa00000)]
  0x0000019dff1ab000 JavaThread "Build operations Thread 3" [_thread_blocked, id=9692, stack(0x000000241fa00000,0x000000241fb00000)]
  0x0000019dff1ac000 JavaThread "Build operations Thread 4" [_thread_blocked, id=8604, stack(0x000000241fb00000,0x000000241fc00000)]
  0x0000019dff1ad800 JavaThread "Build operations Thread 5" [_thread_blocked, id=16352, stack(0x000000241fc00000,0x000000241fd00000)]
  0x0000019dff1ae800 JavaThread "Build operations Thread 6" [_thread_blocked, id=4504, stack(0x000000241fd00000,0x000000241fe00000)]
  0x0000019dff1b1000 JavaThread "Build operations Thread 7" [_thread_blocked, id=14868, stack(0x000000241fe00000,0x000000241ff00000)]
  0x0000019dfcd50800 JavaThread "Build operations Thread 8" [_thread_blocked, id=14456, stack(0x000000241ff00000,0x0000002420000000)]
  0x0000019dfcd4f800 JavaThread "jar transforms Thread 4" [_thread_blocked, id=16280, stack(0x0000002420000000,0x0000002420100000)]
  0x0000019dfcd53000 JavaThread "jar transforms Thread 5" [_thread_blocked, id=11840, stack(0x0000002420100000,0x0000002420200000)]
  0x0000019dfcd54000 JavaThread "jar transforms Thread 6" [_thread_blocked, id=13028, stack(0x0000002420200000,0x0000002420300000)]
  0x0000019dfcd54800 JavaThread "jar transforms Thread 7" [_thread_blocked, id=17284, stack(0x0000002420300000,0x0000002420400000)]
  0x0000019dfcd4f000 JavaThread "jar transforms Thread 8" [_thread_blocked, id=15332, stack(0x0000002420400000,0x0000002420500000)]
  0x0000019dfc6c8800 JavaThread "C2 CompilerThread1" daemon [_thread_blocked, id=2072, stack(0x000000241e900000,0x000000241ea00000)]
=>0x0000019d809cf800 JavaThread "C2 CompilerThread2" daemon [_thread_in_native, id=16612, stack(0x000000241ef00000,0x000000241f000000)]
  0x0000019dfcd55800 JavaThread "Memory manager" [_thread_blocked, id=12912, stack(0x0000002420600000,0x0000002420700000)]

Other Threads:
  0x0000019df888b000 VMThread "VM Thread" [stack: 0x000000241c900000,0x000000241ca00000] [id=6240]
  0x0000019df93c2800 WatcherThread [stack: 0x000000241d300000,0x000000241d400000] [id=11148]
  0x0000019ddefa4800 GCTaskThread "GC Thread#0" [stack: 0x000000241c400000,0x000000241c500000] [id=12700]
  0x0000019df9d5f000 GCTaskThread "GC Thread#1" [stack: 0x000000241d600000,0x000000241d700000] [id=8444]
  0x0000019df9dfd800 GCTaskThread "GC Thread#2" [stack: 0x000000241d700000,0x000000241d800000] [id=9104]
  0x0000019dfb659000 GCTaskThread "GC Thread#3" [stack: 0x000000241e000000,0x000000241e100000] [id=18380]
  0x0000019dfc2ff800 GCTaskThread "GC Thread#4" [stack: 0x000000241e100000,0x000000241e200000] [id=15988]
  0x0000019dfadaa800 GCTaskThread "GC Thread#5" [stack: 0x000000241e200000,0x000000241e300000] [id=10824]
  0x0000019dfab73800 GCTaskThread "GC Thread#6" [stack: 0x000000241e300000,0x000000241e400000] [id=6456]
  0x0000019dfb176000 GCTaskThread "GC Thread#7" [stack: 0x000000241e400000,0x000000241e500000] [id=12240]
  0x0000019ddefca800 ConcurrentGCThread "G1 Main Marker" [stack: 0x000000241c500000,0x000000241c600000] [id=13192]
  0x0000019ddefcc000 ConcurrentGCThread "G1 Conc#0" [stack: 0x000000241c600000,0x000000241c700000] [id=8260]
  0x0000019dfb3db800 ConcurrentGCThread "G1 Conc#1" [stack: 0x000000241e700000,0x000000241e800000] [id=1028]
  0x0000019ddf061000 ConcurrentGCThread "G1 Refine#0" [stack: 0x000000241c700000,0x000000241c800000] [id=4320]
  0x0000019d806cb800 ConcurrentGCThread "G1 Refine#1" [stack: 0x0000002420500000,0x0000002420600000] [id=8872]
  0x0000019df8700800 ConcurrentGCThread "G1 Young RemSet Sampling" [stack: 0x000000241c800000,0x000000241c900000] [id=16508]

Threads with active compile tasks:
C1 CompilerThread0   7437 6087       3       jdk.internal.reflect.ByteVectorImpl::put (27 bytes)
C2 CompilerThread2   7437 6041       4       java.net.URLClassLoader::getAndVerifyPackage (109 bytes)

VM state:not at safepoint (normal execution)

VM Mutex/Monitor currently owned by a thread: None

Heap address: 0x00000000a0000000, size: 1536 MB, Compressed Oops mode: 32-bit
Narrow klass base: 0x0000000000000000, Narrow klass shift: 3
Compressed class space size: 1073741824 Address: 0x0000000100000000

Heap:
 garbage-first heap   total 157696K, used 88389K [0x00000000a0000000, 0x0000000100000000)
  region size 1024K, 47 young (48128K), 3 survivors (3072K)
 Metaspace       used 62374K, capacity 63939K, committed 64076K, reserved 1105920K
  class space    used 7909K, capacity 8455K, committed 8524K, reserved 1048576K
Heap Regions: E=young(eden), S=young(survivor), O=old, HS=humongous(starts), HC=humongous(continues), CS=collection set, F=free, A=archive, TAMS=top-at-mark-start (previous, next)
|   0|0x00000000a0000000, 0x00000000a0100000, 0x00000000a0100000|100%| O|  |TAMS 0x00000000a0100000, 0x00000000a0000000| Untracked 
|   1|0x00000000a0100000, 0x00000000a0200000, 0x00000000a0200000|100%| O|  |TAMS 0x00000000a0200000, 0x00000000a0100000| Untracked 
|   2|0x00000000a0200000, 0x00000000a0300000, 0x00000000a0300000|100%| O|  |TAMS 0x00000000a0300000, 0x00000000a0200000| Untracked 
|   3|0x00000000a0300000, 0x00000000a0400000, 0x00000000a0400000|100%|HS|  |TAMS 0x00000000a0400000, 0x00000000a0300000| Complete 
|   4|0x00000000a0400000, 0x00000000a0500000, 0x00000000a0500000|100%|HC|  |TAMS 0x00000000a0500000, 0x00000000a0400000| Complete 
|   5|0x00000000a0500000, 0x00000000a0600000, 0x00000000a0600000|100%|HC|  |TAMS 0x00000000a0600000, 0x00000000a0500000| Complete 
|   6|0x00000000a0600000, 0x00000000a0700000, 0x00000000a0700000|100%| O|  |TAMS 0x00000000a0700000, 0x00000000a0600000| Untracked 
|   7|0x00000000a0700000, 0x00000000a0800000, 0x00000000a0800000|100%| O|  |TAMS 0x00000000a0800000, 0x00000000a0700000| Untracked 
|   8|0x00000000a0800000, 0x00000000a0900000, 0x00000000a0900000|100%| O|  |TAMS 0x00000000a0900000, 0x00000000a0800000| Untracked 
|   9|0x00000000a0900000, 0x00000000a0a00000, 0x00000000a0a00000|100%| O|  |TAMS 0x00000000a0a00000, 0x00000000a0900000| Untracked 
|  10|0x00000000a0a00000, 0x00000000a0b00000, 0x00000000a0b00000|100%| O|  |TAMS 0x00000000a0b00000, 0x00000000a0a00000| Untracked 
|  11|0x00000000a0b00000, 0x00000000a0c00000, 0x00000000a0c00000|100%| O|  |TAMS 0x00000000a0c00000, 0x00000000a0b00000| Untracked 
|  12|0x00000000a0c00000, 0x00000000a0d00000, 0x00000000a0d00000|100%| O|  |TAMS 0x00000000a0d00000, 0x00000000a0c00000| Untracked 
|  13|0x00000000a0d00000, 0x00000000a0e00000, 0x00000000a0e00000|100%| O|  |TAMS 0x00000000a0e00000, 0x00000000a0d00000| Untracked 
|  14|0x00000000a0e00000, 0x00000000a0f00000, 0x00000000a0f00000|100%| O|  |TAMS 0x00000000a0f00000, 0x00000000a0e00000| Untracked 
|  15|0x00000000a0f00000, 0x00000000a1000000, 0x00000000a1000000|100%| O|  |TAMS 0x00000000a1000000, 0x00000000a0f00000| Untracked 
|  16|0x00000000a1000000, 0x00000000a1100000, 0x00000000a1100000|100%|HS|  |TAMS 0x00000000a1100000, 0x00000000a1000000| Complete 
|  17|0x00000000a1100000, 0x00000000a1200000, 0x00000000a1200000|100%| O|  |TAMS 0x00000000a1200000, 0x00000000a1100000| Untracked 
|  18|0x00000000a1200000, 0x00000000a1300000, 0x00000000a1300000|100%| O|  |TAMS 0x00000000a1300000, 0x00000000a1200000| Untracked 
|  19|0x00000000a1300000, 0x00000000a1400000, 0x00000000a1400000|100%| O|  |TAMS 0x00000000a1400000, 0x00000000a1300000| Untracked 
|  20|0x00000000a1400000, 0x00000000a1500000, 0x00000000a1500000|100%| O|  |TAMS 0x00000000a1500000, 0x00000000a1400000| Untracked 
|  21|0x00000000a1500000, 0x00000000a1600000, 0x00000000a1600000|100%| O|  |TAMS 0x00000000a1600000, 0x00000000a1500000| Untracked 
|  22|0x00000000a1600000, 0x00000000a1700000, 0x00000000a1700000|100%| O|  |TAMS 0x00000000a1700000, 0x00000000a1600000| Untracked 
|  23|0x00000000a1700000, 0x00000000a1800000, 0x00000000a1800000|100%|HS|  |TAMS 0x00000000a1800000, 0x00000000a1700000| Complete 
|  24|0x00000000a1800000, 0x00000000a1900000, 0x00000000a1900000|100%|HS|  |TAMS 0x00000000a1900000, 0x00000000a1800000| Complete 
|  25|0x00000000a1900000, 0x00000000a1a00000, 0x00000000a1a00000|100%|HC|  |TAMS 0x00000000a1a00000, 0x00000000a1900000| Complete 
|  26|0x00000000a1a00000, 0x00000000a1b00000, 0x00000000a1b00000|100%| O|  |TAMS 0x00000000a1b00000, 0x00000000a1a00000| Untracked 
|  27|0x00000000a1b00000, 0x00000000a1c00000, 0x00000000a1c00000|100%| O|  |TAMS 0x00000000a1c00000, 0x00000000a1b00000| Untracked 
|  28|0x00000000a1c00000, 0x00000000a1d00000, 0x00000000a1d00000|100%| O|  |TAMS 0x00000000a1d00000, 0x00000000a1c00000| Untracked 
|  29|0x00000000a1d00000, 0x00000000a1e00000, 0x00000000a1e00000|100%| O|  |TAMS 0x00000000a1e00000, 0x00000000a1d00000| Untracked 
|  30|0x00000000a1e00000, 0x00000000a1f00000, 0x00000000a1f00000|100%| O|  |TAMS 0x00000000a1f00000, 0x00000000a1e00000| Untracked 
|  31|0x00000000a1f00000, 0x00000000a2000000, 0x00000000a2000000|100%| O|  |TAMS 0x00000000a2000000, 0x00000000a1f00000| Untracked 
|  32|0x00000000a2000000, 0x00000000a2100000, 0x00000000a2100000|100%| O|  |TAMS 0x00000000a2100000, 0x00000000a2000000| Untracked 
|  33|0x00000000a2100000, 0x00000000a2200000, 0x00000000a2200000|100%| O|  |TAMS 0x00000000a2200000, 0x00000000a2100000| Untracked 
|  34|0x00000000a2200000, 0x00000000a2300000, 0x00000000a2300000|100%| O|  |TAMS 0x00000000a2300000, 0x00000000a2200000| Untracked 
|  35|0x00000000a2300000, 0x00000000a2400000, 0x00000000a2400000|100%| O|  |TAMS 0x00000000a2400000, 0x00000000a2300000| Untracked 
|  36|0x00000000a2400000, 0x00000000a2500000, 0x00000000a2500000|100%| O|  |TAMS 0x00000000a2500000, 0x00000000a2400000| Untracked 
|  37|0x00000000a2500000, 0x00000000a2600000, 0x00000000a2600000|100%| O|  |TAMS 0x00000000a2600000, 0x00000000a2500000| Untracked 
|  38|0x00000000a2600000, 0x00000000a2700000, 0x00000000a2700000|100%| O|  |TAMS 0x00000000a2700000, 0x00000000a2600000| Untracked 
|  39|0x00000000a2700000, 0x00000000a2800000, 0x00000000a2800000|100%| O|  |TAMS 0x00000000a2800000, 0x00000000a2700000| Untracked 
|  40|0x00000000a2800000, 0x00000000a2867a00, 0x00000000a2900000| 40%| O|  |TAMS 0x00000000a2867a00, 0x00000000a2800000| Untracked 
|  41|0x00000000a2900000, 0x00000000a2a00000, 0x00000000a2a00000|100%|HS|  |TAMS 0x00000000a2900000, 0x00000000a2900000| Complete 
|  42|0x00000000a2a00000, 0x00000000a2a00000, 0x00000000a2b00000|  0%| F|  |TAMS 0x00000000a2a00000, 0x00000000a2a00000| Untracked 
|  43|0x00000000a2b00000, 0x00000000a2b00000, 0x00000000a2c00000|  0%| F|  |TAMS 0x00000000a2b00000, 0x00000000a2b00000| Untracked 
|  44|0x00000000a2c00000, 0x00000000a2c00000, 0x00000000a2d00000|  0%| F|  |TAMS 0x00000000a2c00000, 0x00000000a2c00000| Untracked 
|  45|0x00000000a2d00000, 0x00000000a2d00000, 0x00000000a2e00000|  0%| F|  |TAMS 0x00000000a2d00000, 0x00000000a2d00000| Untracked 
|  46|0x00000000a2e00000, 0x00000000a2e00000, 0x00000000a2f00000|  0%| F|  |TAMS 0x00000000a2e00000, 0x00000000a2e00000| Untracked 
|  47|0x00000000a2f00000, 0x00000000a2f00000, 0x00000000a3000000|  0%| F|  |TAMS 0x00000000a2f00000, 0x00000000a2f00000| Untracked 
|  48|0x00000000a3000000, 0x00000000a3000000, 0x00000000a3100000|  0%| F|  |TAMS 0x00000000a3000000, 0x00000000a3000000| Untracked 
|  49|0x00000000a3100000, 0x00000000a3100000, 0x00000000a3200000|  0%| F|  |TAMS 0x00000000a3100000, 0x00000000a3100000| Untracked 
|  50|0x00000000a3200000, 0x00000000a3200000, 0x00000000a3300000|  0%| F|  |TAMS 0x00000000a3200000, 0x00000000a3200000| Untracked 
|  51|0x00000000a3300000, 0x00000000a3300000, 0x00000000a3400000|  0%| F|  |TAMS 0x00000000a3300000, 0x00000000a3300000| Untracked 
|  52|0x00000000a3400000, 0x00000000a3400000, 0x00000000a3500000|  0%| F|  |TAMS 0x00000000a3400000, 0x00000000a3400000| Untracked 
|  53|0x00000000a3500000, 0x00000000a3500000, 0x00000000a3600000|  0%| F|  |TAMS 0x00000000a3500000, 0x00000000a3500000| Untracked 
|  54|0x00000000a3600000, 0x00000000a3600000, 0x00000000a3700000|  0%| F|  |TAMS 0x00000000a3600000, 0x00000000a3600000| Untracked 
|  55|0x00000000a3700000, 0x00000000a3700000, 0x00000000a3800000|  0%| F|  |TAMS 0x00000000a3700000, 0x00000000a3700000| Untracked 
|  56|0x00000000a3800000, 0x00000000a3800000, 0x00000000a3900000|  0%| F|  |TAMS 0x00000000a3800000, 0x00000000a3800000| Untracked 
|  57|0x00000000a3900000, 0x00000000a3900000, 0x00000000a3a00000|  0%| F|  |TAMS 0x00000000a3900000, 0x00000000a3900000| Untracked 
|  58|0x00000000a3a00000, 0x00000000a3a00000, 0x00000000a3b00000|  0%| F|  |TAMS 0x00000000a3a00000, 0x00000000a3a00000| Untracked 
|  59|0x00000000a3b00000, 0x00000000a3b00000, 0x00000000a3c00000|  0%| F|  |TAMS 0x00000000a3b00000, 0x00000000a3b00000| Untracked 
|  60|0x00000000a3c00000, 0x00000000a3c00000, 0x00000000a3d00000|  0%| F|  |TAMS 0x00000000a3c00000, 0x00000000a3c00000| Untracked 
|  61|0x00000000a3d00000, 0x00000000a3d00000, 0x00000000a3e00000|  0%| F|  |TAMS 0x00000000a3d00000, 0x00000000a3d00000| Untracked 
|  62|0x00000000a3e00000, 0x00000000a3e00000, 0x00000000a3f00000|  0%| F|  |TAMS 0x00000000a3e00000, 0x00000000a3e00000| Untracked 
|  63|0x00000000a3f00000, 0x00000000a3f00000, 0x00000000a4000000|  0%| F|  |TAMS 0x00000000a3f00000, 0x00000000a3f00000| Untracked 
|  64|0x00000000a4000000, 0x00000000a4000000, 0x00000000a4100000|  0%| F|  |TAMS 0x00000000a4000000, 0x00000000a4000000| Untracked 
|  65|0x00000000a4100000, 0x00000000a4100000, 0x00000000a4200000|  0%| F|  |TAMS 0x00000000a4100000, 0x00000000a4100000| Untracked 
|  66|0x00000000a4200000, 0x00000000a4200000, 0x00000000a4300000|  0%| F|  |TAMS 0x00000000a4200000, 0x00000000a4200000| Untracked 
|  67|0x00000000a4300000, 0x00000000a4300000, 0x00000000a4400000|  0%| F|  |TAMS 0x00000000a4300000, 0x00000000a4300000| Untracked 
|  68|0x00000000a4400000, 0x00000000a4400000, 0x00000000a4500000|  0%| F|  |TAMS 0x00000000a4400000, 0x00000000a4400000| Untracked 
|  69|0x00000000a4500000, 0x00000000a4500000, 0x00000000a4600000|  0%| F|  |TAMS 0x00000000a4500000, 0x00000000a4500000| Untracked 
|  70|0x00000000a4600000, 0x00000000a4600000, 0x00000000a4700000|  0%| F|  |TAMS 0x00000000a4600000, 0x00000000a4600000| Untracked 
|  71|0x00000000a4700000, 0x00000000a4700000, 0x00000000a4800000|  0%| F|  |TAMS 0x00000000a4700000, 0x00000000a4700000| Untracked 
|  72|0x00000000a4800000, 0x00000000a4800000, 0x00000000a4900000|  0%| F|  |TAMS 0x00000000a4800000, 0x00000000a4800000| Untracked 
|  73|0x00000000a4900000, 0x00000000a4900000, 0x00000000a4a00000|  0%| F|  |TAMS 0x00000000a4900000, 0x00000000a4900000| Untracked 
|  74|0x00000000a4a00000, 0x00000000a4a00000, 0x00000000a4b00000|  0%| F|  |TAMS 0x00000000a4a00000, 0x00000000a4a00000| Untracked 
|  75|0x00000000a4b00000, 0x00000000a4b00000, 0x00000000a4c00000|  0%| F|  |TAMS 0x00000000a4b00000, 0x00000000a4b00000| Untracked 
|  76|0x00000000a4c00000, 0x00000000a4c00000, 0x00000000a4d00000|  0%| F|  |TAMS 0x00000000a4c00000, 0x00000000a4c00000| Untracked 
|  77|0x00000000a4d00000, 0x00000000a4d00000, 0x00000000a4e00000|  0%| F|  |TAMS 0x00000000a4d00000, 0x00000000a4d00000| Untracked 
|  78|0x00000000a4e00000, 0x00000000a4e00000, 0x00000000a4f00000|  0%| F|  |TAMS 0x00000000a4e00000, 0x00000000a4e00000| Untracked 
|  79|0x00000000a4f00000, 0x00000000a4f00000, 0x00000000a5000000|  0%| F|  |TAMS 0x00000000a4f00000, 0x00000000a4f00000| Untracked 
|  80|0x00000000a5000000, 0x00000000a5000000, 0x00000000a5100000|  0%| F|  |TAMS 0x00000000a5000000, 0x00000000a5000000| Untracked 
|  81|0x00000000a5100000, 0x00000000a5100000, 0x00000000a5200000|  0%| F|  |TAMS 0x00000000a5100000, 0x00000000a5100000| Untracked 
|  82|0x00000000a5200000, 0x00000000a5200000, 0x00000000a5300000|  0%| F|  |TAMS 0x00000000a5200000, 0x00000000a5200000| Untracked 
|  83|0x00000000a5300000, 0x00000000a5300000, 0x00000000a5400000|  0%| F|  |TAMS 0x00000000a5300000, 0x00000000a5300000| Untracked 
|  84|0x00000000a5400000, 0x00000000a5400000, 0x00000000a5500000|  0%| F|  |TAMS 0x00000000a5400000, 0x00000000a5400000| Untracked 
|  85|0x00000000a5500000, 0x00000000a5500000, 0x00000000a5600000|  0%| F|  |TAMS 0x00000000a5500000, 0x00000000a5500000| Untracked 
|  86|0x00000000a5600000, 0x00000000a5600000, 0x00000000a5700000|  0%| F|  |TAMS 0x00000000a5600000, 0x00000000a5600000| Untracked 
|  87|0x00000000a5700000, 0x00000000a5700000, 0x00000000a5800000|  0%| F|  |TAMS 0x00000000a5700000, 0x00000000a5700000| Untracked 
|  88|0x00000000a5800000, 0x00000000a5800000, 0x00000000a5900000|  0%| F|  |TAMS 0x00000000a5800000, 0x00000000a5800000| Untracked 
|  89|0x00000000a5900000, 0x00000000a5900000, 0x00000000a5a00000|  0%| F|  |TAMS 0x00000000a5900000, 0x00000000a5900000| Untracked 
|  90|0x00000000a5a00000, 0x00000000a5a00000, 0x00000000a5b00000|  0%| F|  |TAMS 0x00000000a5a00000, 0x00000000a5a00000| Untracked 
|  91|0x00000000a5b00000, 0x00000000a5b00000, 0x00000000a5c00000|  0%| F|  |TAMS 0x00000000a5b00000, 0x00000000a5b00000| Untracked 
|  92|0x00000000a5c00000, 0x00000000a5c00000, 0x00000000a5d00000|  0%| F|  |TAMS 0x00000000a5c00000, 0x00000000a5c00000| Untracked 
|  93|0x00000000a5d00000, 0x00000000a5d00000, 0x00000000a5e00000|  0%| F|  |TAMS 0x00000000a5d00000, 0x00000000a5d00000| Untracked 
|  94|0x00000000a5e00000, 0x00000000a5e00000, 0x00000000a5f00000|  0%| F|  |TAMS 0x00000000a5e00000, 0x00000000a5e00000| Untracked 
|  95|0x00000000a5f00000, 0x00000000a5f00000, 0x00000000a6000000|  0%| F|  |TAMS 0x00000000a5f00000, 0x00000000a5f00000| Untracked 
|  96|0x00000000a6000000, 0x00000000a6000000, 0x00000000a6100000|  0%| F|  |TAMS 0x00000000a6000000, 0x00000000a6000000| Untracked 
|  97|0x00000000a6100000, 0x00000000a6100000, 0x00000000a6200000|  0%| F|  |TAMS 0x00000000a6100000, 0x00000000a6100000| Untracked 
|  98|0x00000000a6200000, 0x00000000a6200000, 0x00000000a6300000|  0%| F|  |TAMS 0x00000000a6200000, 0x00000000a6200000| Untracked 
|  99|0x00000000a6300000, 0x00000000a6300000, 0x00000000a6400000|  0%| F|  |TAMS 0x00000000a6300000, 0x00000000a6300000| Untracked 
| 100|0x00000000a6400000, 0x00000000a6400000, 0x00000000a6500000|  0%| F|  |TAMS 0x00000000a6400000, 0x00000000a6400000| Untracked 
| 101|0x00000000a6500000, 0x00000000a6500000, 0x00000000a6600000|  0%| F|  |TAMS 0x00000000a6500000, 0x00000000a6500000| Untracked 
| 102|0x00000000a6600000, 0x00000000a6600000, 0x00000000a6700000|  0%| F|  |TAMS 0x00000000a6600000, 0x00000000a6600000| Untracked 
| 103|0x00000000a6700000, 0x00000000a6700000, 0x00000000a6800000|  0%| F|  |TAMS 0x00000000a6700000, 0x00000000a6700000| Untracked 
| 104|0x00000000a6800000, 0x00000000a6800000, 0x00000000a6900000|  0%| F|  |TAMS 0x00000000a6800000, 0x00000000a6800000| Untracked 
| 105|0x00000000a6900000, 0x00000000a6900000, 0x00000000a6a00000|  0%| F|  |TAMS 0x00000000a6900000, 0x00000000a6900000| Untracked 
| 106|0x00000000a6a00000, 0x00000000a6a00000, 0x00000000a6b00000|  0%| F|  |TAMS 0x00000000a6a00000, 0x00000000a6a00000| Untracked 
| 107|0x00000000a6b00000, 0x00000000a6c00000, 0x00000000a6c00000|100%| E|  |TAMS 0x00000000a6b00000, 0x00000000a6b00000| Complete 
| 108|0x00000000a6c00000, 0x00000000a6d00000, 0x00000000a6d00000|100%| E|CS|TAMS 0x00000000a6c00000, 0x00000000a6c00000| Complete 
| 109|0x00000000a6d00000, 0x00000000a6e00000, 0x00000000a6e00000|100%| E|CS|TAMS 0x00000000a6d00000, 0x00000000a6d00000| Complete 
| 110|0x00000000a6e00000, 0x00000000a6f00000, 0x00000000a6f00000|100%| E|CS|TAMS 0x00000000a6e00000, 0x00000000a6e00000| Complete 
| 111|0x00000000a6f00000, 0x00000000a7000000, 0x00000000a7000000|100%| E|CS|TAMS 0x00000000a6f00000, 0x00000000a6f00000| Complete 
| 112|0x00000000a7000000, 0x00000000a7100000, 0x00000000a7100000|100%| E|CS|TAMS 0x00000000a7000000, 0x00000000a7000000| Complete 
| 113|0x00000000a7100000, 0x00000000a7200000, 0x00000000a7200000|100%| E|CS|TAMS 0x00000000a7100000, 0x00000000a7100000| Complete 
| 114|0x00000000a7200000, 0x00000000a72e9ab0, 0x00000000a7300000| 91%| S|CS|TAMS 0x00000000a7200000, 0x00000000a7200000| Complete 
| 115|0x00000000a7300000, 0x00000000a7400000, 0x00000000a7400000|100%| S|CS|TAMS 0x00000000a7300000, 0x00000000a7300000| Complete 
| 116|0x00000000a7400000, 0x00000000a7500000, 0x00000000a7500000|100%| S|CS|TAMS 0x00000000a7400000, 0x00000000a7400000| Complete 
| 117|0x00000000a7500000, 0x00000000a7600000, 0x00000000a7600000|100%| E|CS|TAMS 0x00000000a7500000, 0x00000000a7500000| Complete 
| 118|0x00000000a7600000, 0x00000000a7700000, 0x00000000a7700000|100%| E|CS|TAMS 0x00000000a7600000, 0x00000000a7600000| Complete 
| 119|0x00000000a7700000, 0x00000000a7800000, 0x00000000a7800000|100%| E|CS|TAMS 0x00000000a7700000, 0x00000000a7700000| Complete 
| 120|0x00000000a7800000, 0x00000000a7900000, 0x00000000a7900000|100%| E|CS|TAMS 0x00000000a7800000, 0x00000000a7800000| Complete 
| 121|0x00000000a7900000, 0x00000000a7a00000, 0x00000000a7a00000|100%| E|CS|TAMS 0x00000000a7900000, 0x00000000a7900000| Complete 
| 122|0x00000000a7a00000, 0x00000000a7b00000, 0x00000000a7b00000|100%| E|CS|TAMS 0x00000000a7a00000, 0x00000000a7a00000| Complete 
| 123|0x00000000a7b00000, 0x00000000a7c00000, 0x00000000a7c00000|100%| E|CS|TAMS 0x00000000a7b00000, 0x00000000a7b00000| Complete 
| 124|0x00000000a7c00000, 0x00000000a7d00000, 0x00000000a7d00000|100%| E|CS|TAMS 0x00000000a7c00000, 0x00000000a7c00000| Complete 
| 125|0x00000000a7d00000, 0x00000000a7e00000, 0x00000000a7e00000|100%| E|CS|TAMS 0x00000000a7d00000, 0x00000000a7d00000| Complete 
| 126|0x00000000a7e00000, 0x00000000a7f00000, 0x00000000a7f00000|100%| E|CS|TAMS 0x00000000a7e00000, 0x00000000a7e00000| Complete 
| 127|0x00000000a7f00000, 0x00000000a8000000, 0x00000000a8000000|100%| E|CS|TAMS 0x00000000a7f00000, 0x00000000a7f00000| Complete 
| 128|0x00000000a8000000, 0x00000000a8100000, 0x00000000a8100000|100%| E|CS|TAMS 0x00000000a8000000, 0x00000000a8000000| Complete 
| 129|0x00000000a8100000, 0x00000000a8200000, 0x00000000a8200000|100%| E|CS|TAMS 0x00000000a8100000, 0x00000000a8100000| Complete 
| 130|0x00000000a8200000, 0x00000000a8300000, 0x00000000a8300000|100%| E|CS|TAMS 0x00000000a8200000, 0x00000000a8200000| Complete 
| 131|0x00000000a8300000, 0x00000000a8400000, 0x00000000a8400000|100%| E|CS|TAMS 0x00000000a8300000, 0x00000000a8300000| Complete 
| 132|0x00000000a8400000, 0x00000000a8500000, 0x00000000a8500000|100%| E|CS|TAMS 0x00000000a8400000, 0x00000000a8400000| Complete 
| 133|0x00000000a8500000, 0x00000000a8600000, 0x00000000a8600000|100%| E|CS|TAMS 0x00000000a8500000, 0x00000000a8500000| Complete 
| 134|0x00000000a8600000, 0x00000000a8700000, 0x00000000a8700000|100%| E|CS|TAMS 0x00000000a8600000, 0x00000000a8600000| Complete 
| 135|0x00000000a8700000, 0x00000000a8800000, 0x00000000a8800000|100%| E|CS|TAMS 0x00000000a8700000, 0x00000000a8700000| Complete 
| 136|0x00000000a8800000, 0x00000000a8900000, 0x00000000a8900000|100%| E|CS|TAMS 0x00000000a8800000, 0x00000000a8800000| Complete 
| 137|0x00000000a8900000, 0x00000000a8a00000, 0x00000000a8a00000|100%| E|CS|TAMS 0x00000000a8900000, 0x00000000a8900000| Complete 
| 138|0x00000000a8a00000, 0x00000000a8b00000, 0x00000000a8b00000|100%| E|CS|TAMS 0x00000000a8a00000, 0x00000000a8a00000| Complete 
| 139|0x00000000a8b00000, 0x00000000a8c00000, 0x00000000a8c00000|100%| E|CS|TAMS 0x00000000a8b00000, 0x00000000a8b00000| Complete 
| 140|0x00000000a8c00000, 0x00000000a8d00000, 0x00000000a8d00000|100%| E|CS|TAMS 0x00000000a8c00000, 0x00000000a8c00000| Complete 
| 141|0x00000000a8d00000, 0x00000000a8e00000, 0x00000000a8e00000|100%| E|CS|TAMS 0x00000000a8d00000, 0x00000000a8d00000| Complete 
| 142|0x00000000a8e00000, 0x00000000a8f00000, 0x00000000a8f00000|100%| E|CS|TAMS 0x00000000a8e00000, 0x00000000a8e00000| Complete 
| 143|0x00000000a8f00000, 0x00000000a9000000, 0x00000000a9000000|100%| E|CS|TAMS 0x00000000a8f00000, 0x00000000a8f00000| Complete 
| 144|0x00000000a9000000, 0x00000000a9100000, 0x00000000a9100000|100%| E|CS|TAMS 0x00000000a9000000, 0x00000000a9000000| Complete 
| 145|0x00000000a9100000, 0x00000000a9200000, 0x00000000a9200000|100%| E|  |TAMS 0x00000000a9100000, 0x00000000a9100000| Complete 
| 146|0x00000000a9200000, 0x00000000a9300000, 0x00000000a9300000|100%| E|CS|TAMS 0x00000000a9200000, 0x00000000a9200000| Complete 
| 147|0x00000000a9300000, 0x00000000a9400000, 0x00000000a9400000|100%| E|CS|TAMS 0x00000000a9300000, 0x00000000a9300000| Complete 
| 148|0x00000000a9400000, 0x00000000a9500000, 0x00000000a9500000|100%| E|CS|TAMS 0x00000000a9400000, 0x00000000a9400000| Complete 
| 149|0x00000000a9500000, 0x00000000a9600000, 0x00000000a9600000|100%| E|CS|TAMS 0x00000000a9500000, 0x00000000a9500000| Complete 
| 150|0x00000000a9600000, 0x00000000a9700000, 0x00000000a9700000|100%| E|CS|TAMS 0x00000000a9600000, 0x00000000a9600000| Complete 
| 151|0x00000000a9700000, 0x00000000a9800000, 0x00000000a9800000|100%| E|CS|TAMS 0x00000000a9700000, 0x00000000a9700000| Complete 
| 152|0x00000000a9800000, 0x00000000a9900000, 0x00000000a9900000|100%| E|CS|TAMS 0x00000000a9800000, 0x00000000a9800000| Complete 
| 153|0x00000000a9900000, 0x00000000a9a00000, 0x00000000a9a00000|100%| E|CS|TAMS 0x00000000a9900000, 0x00000000a9900000| Complete 

Card table byte_map: [0x0000019df27f0000,0x0000019df2af0000] _byte_map_base: 0x0000019df22f0000

Marking Bits (Prev, Next): (CMBitMap*) 0x0000019ddefc3df0, (CMBitMap*) 0x0000019ddefc3db8
 Prev Bits: [0x0000019df45f0000, 0x0000019df5df0000)
 Next Bits: [0x0000019df2df0000, 0x0000019df45f0000)

Polling page: 0x0000019ddd770000

Metaspace:

Usage:
  Non-class:     54.19 MB capacity,    53.21 MB ( 98%) used,   838.59 KB (  2%) free+waste,   161.13 KB ( <1%) overhead. 
      Class:      8.26 MB capacity,     7.73 MB ( 94%) used,   468.48 KB (  6%) free+waste,    75.75 KB ( <1%) overhead. 
       Both:     62.45 MB capacity,    60.94 MB ( 98%) used,     1.28 MB (  2%) free+waste,   236.88 KB ( <1%) overhead. 

Virtual space:
  Non-class space:       56.00 MB reserved,      54.25 MB ( 97%) committed 
      Class space:        1.00 GB reserved,       8.32 MB ( <1%) committed 
             Both:        1.05 GB reserved,      62.57 MB (  6%) committed 

Chunk freelists:
   Non-Class:  3.00 KB
       Class:  24.00 KB
        Both:  27.00 KB

MaxMetaspaceSize: 17179869184.00 GB
CompressedClassSpaceSize: 1.00 GB

CodeHeap 'non-profiled nmethods': size=120000Kb used=3686Kb max_used=3686Kb free=116313Kb
 bounds [0x0000019dea550000, 0x0000019dea8f0000, 0x0000019df1a80000]
CodeHeap 'profiled nmethods': size=120000Kb used=12609Kb max_used=12609Kb free=107390Kb
 bounds [0x0000019de3020000, 0x0000019de3c80000, 0x0000019dea550000]
CodeHeap 'non-nmethods': size=5760Kb used=2260Kb max_used=2300Kb free=3499Kb
 bounds [0x0000019de2a80000, 0x0000019de2cf0000, 0x0000019de3020000]
 total_blobs=6933 nmethods=6083 adapters=761
 compilation: enabled
              stopped_count=0, restarted_count=0
 full_count=0

Compilation events (20 events):
Event: 7.411 Thread 0x0000019df88e1000 6050       3       org.gradle.api.internal.provider.DefaultValueSourceProviderFactory$ValueSourceProvider::calculateOwnValue (18 bytes)
Event: 7.412 Thread 0x0000019df88e1000 nmethod 6050 0x0000019de3c60310 code [0x0000019de3c605a0, 0x0000019de3c61268]
Event: 7.412 Thread 0x0000019df88e1000 6051       3       org.gradle.api.internal.provider.DefaultValueSourceProviderFactory$ConfigurationTimeProvider::vetoAtConfigurationTime (1 bytes)
Event: 7.412 Thread 0x0000019df88e1000 nmethod 6051 0x0000019de3c61690 code [0x0000019de3c61840, 0x0000019de3c61938]
Event: 7.412 Thread 0x0000019df88e1000 6052       3       org.gradle.api.internal.provider.DefaultValueSourceProviderFactory$LazilyObtainedValue::obtain (23 bytes)
Event: 7.412 Thread 0x0000019df88e1000 nmethod 6052 0x0000019de3c61a10 code [0x0000019de3c61c40, 0x0000019de3c623c8]
Event: 7.412 Thread 0x0000019df88e1000 6053       3       org.gradle.internal.logging.events.ProgressStartEvent::<init> (74 bytes)
Event: 7.413 Thread 0x0000019df88e1000 nmethod 6053 0x0000019de3c62690 code [0x0000019de3c62880, 0x0000019de3c62e78]
Event: 7.413 Thread 0x0000019df88e1000 6054       3       org.gradle.internal.operations.BuildOperationDescriptor::displayName (10 bytes)
Event: 7.413 Thread 0x0000019df88e1000 nmethod 6054 0x0000019de3c63010 code [0x0000019de3c631e0, 0x0000019de3c63558]
Event: 7.413 Thread 0x0000019df88e1000 6055       3       org.gradle.internal.operations.BuildOperationDescriptor$Builder::<init> (6 bytes)
Event: 7.413 Thread 0x0000019df88e1000 nmethod 6055 0x0000019de3c63690 code [0x0000019de3c63860, 0x0000019de3c63b38]
Event: 7.413 Thread 0x0000019df88e1000 6056       3       org.gradle.internal.operations.DefaultBuildOperationRunner::execute (23 bytes)
Event: 7.413 Thread 0x0000019df88e1000 nmethod 6056 0x0000019de3c63c10 code [0x0000019de3c63e00, 0x0000019de3c64258]
Event: 7.413 Thread 0x0000019df88e1000 6057       3       org.gradle.internal.operations.BuildOperationDescriptor$Builder::details (7 bytes)
Event: 7.413 Thread 0x0000019df88e1000 nmethod 6057 0x0000019de3c64410 code [0x0000019de3c645c0, 0x0000019de3c64718]
Event: 7.413 Thread 0x0000019df88e1000 6058       1       org.gradle.api.internal.collections.AbstractIterationOrderRetainingElementSource::onRealize (6 bytes)
Event: 7.413 Thread 0x0000019df88e1000 nmethod 6058 0x0000019dea8e6590 code [0x0000019dea8e6740, 0x0000019dea8e6838]
Event: 7.413 Thread 0x0000019df88e1000 6059       1       org.gradle.api.internal.DefaultDomainObjectCollection::getStore (5 bytes)
Event: 7.413 Thread 0x0000019df88e1000 nmethod 6059 0x0000019dea8e6890 code [0x0000019dea8e6a40, 0x0000019dea8e6af8]

GC Heap History (20 events):
Event: 0.631 GC heap before
{Heap before GC invocations=0 (full 0):
 garbage-first heap   total 131072K, used 29696K [0x00000000a0000000, 0x0000000100000000)
  region size 1024K, 24 young (24576K), 0 survivors (0K)
 Metaspace       used 10184K, capacity 10437K, committed 10624K, reserved 1058816K
  class space    used 1064K, capacity 1139K, committed 1152K, reserved 1048576K
}
Event: 0.636 GC heap after
{Heap after GC invocations=1 (full 0):
 garbage-first heap   total 131072K, used 9044K [0x00000000a0000000, 0x0000000100000000)
  region size 1024K, 3 young (3072K), 3 survivors (3072K)
 Metaspace       used 10184K, capacity 10437K, committed 10624K, reserved 1058816K
  class space    used 1064K, capacity 1139K, committed 1152K, reserved 1048576K
}
Event: 0.927 GC heap before
{Heap before GC invocations=1 (full 0):
 garbage-first heap   total 131072K, used 31572K [0x00000000a0000000, 0x0000000100000000)
  region size 1024K, 25 young (25600K), 3 survivors (3072K)
 Metaspace       used 11096K, capacity 11326K, committed 11520K, reserved 1058816K
  class space    used 1165K, capacity 1243K, committed 1280K, reserved 1048576K
}
Event: 0.930 GC heap after
{Heap after GC invocations=2 (full 0):
 garbage-first heap   total 131072K, used 9686K [0x00000000a0000000, 0x0000000100000000)
  region size 1024K, 1 young (1024K), 1 survivors (1024K)
 Metaspace       used 11096K, capacity 11326K, committed 11520K, reserved 1058816K
  class space    used 1165K, capacity 1243K, committed 1280K, reserved 1048576K
}
Event: 1.926 GC heap before
{Heap before GC invocations=2 (full 0):
 garbage-first heap   total 131072K, used 63958K [0x00000000a0000000, 0x0000000100000000)
  region size 1024K, 54 young (55296K), 1 survivors (1024K)
 Metaspace       used 17766K, capacity 18237K, committed 18432K, reserved 1064960K
  class space    used 2103K, capacity 2240K, committed 2304K, reserved 1048576K
}
Event: 1.930 GC heap after
{Heap after GC invocations=3 (full 0):
 garbage-first heap   total 131072K, used 15743K [0x00000000a0000000, 0x0000000100000000)
  region size 1024K, 7 young (7168K), 7 survivors (7168K)
 Metaspace       used 17766K, capacity 18237K, committed 18432K, reserved 1064960K
  class space    used 2103K, capacity 2240K, committed 2304K, reserved 1048576K
}
Event: 2.139 GC heap before
{Heap before GC invocations=3 (full 0):
 garbage-first heap   total 131072K, used 37247K [0x00000000a0000000, 0x0000000100000000)
  region size 1024K, 29 young (29696K), 7 survivors (7168K)
 Metaspace       used 20531K, capacity 21104K, committed 21248K, reserved 1067008K
  class space    used 2503K, capacity 2690K, committed 2816K, reserved 1048576K
}
Event: 2.146 GC heap after
{Heap after GC invocations=4 (full 0):
 garbage-first heap   total 131072K, used 16725K [0x00000000a0000000, 0x0000000100000000)
  region size 1024K, 1 young (1024K), 1 survivors (1024K)
 Metaspace       used 20531K, capacity 21104K, committed 21248K, reserved 1067008K
  class space    used 2503K, capacity 2690K, committed 2816K, reserved 1048576K
}
Event: 2.784 GC heap before
{Heap before GC invocations=5 (full 0):
 garbage-first heap   total 131072K, used 73045K [0x00000000a0000000, 0x0000000100000000)
  region size 1024K, 56 young (57344K), 1 survivors (1024K)
 Metaspace       used 26079K, capacity 26765K, committed 27008K, reserved 1073152K
  class space    used 3420K, capacity 3667K, committed 3712K, reserved 1048576K
}
Event: 2.787 GC heap after
{Heap after GC invocations=6 (full 0):
 garbage-first heap   total 131072K, used 18430K [0x00000000a0000000, 0x0000000100000000)
  region size 1024K, 3 young (3072K), 3 survivors (3072K)
 Metaspace       used 26079K, capacity 26765K, committed 27008K, reserved 1073152K
  class space    used 3420K, capacity 3667K, committed 3712K, reserved 1048576K
}
Event: 3.535 GC heap before
{Heap before GC invocations=6 (full 0):
 garbage-first heap   total 131072K, used 73726K [0x00000000a0000000, 0x0000000100000000)
  region size 1024K, 58 young (59392K), 3 survivors (3072K)
 Metaspace       used 35037K, capacity 35838K, committed 35840K, reserved 1081344K
  class space    used 4538K, capacity 4864K, committed 4864K, reserved 1048576K
}
Event: 3.543 GC heap after
{Heap after GC invocations=7 (full 0):
 garbage-first heap   total 131072K, used 21962K [0x00000000a0000000, 0x0000000100000000)
  region size 1024K, 6 young (6144K), 6 survivors (6144K)
 Metaspace       used 35037K, capacity 35838K, committed 35840K, reserved 1081344K
  class space    used 4538K, capacity 4864K, committed 4864K, reserved 1048576K
}
Event: 4.082 GC heap before
{Heap before GC invocations=8 (full 0):
 garbage-first heap   total 131072K, used 85450K [0x00000000a0000000, 0x0000000100000000)
  region size 1024K, 66 young (67584K), 6 survivors (6144K)
 Metaspace       used 40390K, capacity 41352K, committed 41548K, reserved 1085440K
  class space    used 5226K, capacity 5582K, committed 5708K, reserved 1048576K
}
Event: 4.091 GC heap after
{Heap after GC invocations=9 (full 0):
 garbage-first heap   total 131072K, used 26146K [0x00000000a0000000, 0x0000000100000000)
  region size 1024K, 8 young (8192K), 8 survivors (8192K)
 Metaspace       used 40390K, capacity 41352K, committed 41548K, reserved 1085440K
  class space    used 5226K, capacity 5582K, committed 5708K, reserved 1048576K
}
Event: 4.599 GC heap before
{Heap before GC invocations=9 (full 0):
 garbage-first heap   total 131072K, used 88610K [0x00000000a0000000, 0x0000000100000000)
  region size 1024K, 69 young (70656K), 8 survivors (8192K)
 Metaspace       used 45281K, capacity 46398K, committed 46540K, reserved 1089536K
  class space    used 5817K, capacity 6221K, committed 6348K, reserved 1048576K
}
Event: 4.606 GC heap after
{Heap after GC invocations=10 (full 0):
 garbage-first heap   total 157696K, used 28060K [0x00000000a0000000, 0x0000000100000000)
  region size 1024K, 7 young (7168K), 7 survivors (7168K)
 Metaspace       used 45281K, capacity 46398K, committed 46540K, reserved 1089536K
  class space    used 5817K, capacity 6221K, committed 6348K, reserved 1048576K
}
Event: 5.959 GC heap before
{Heap before GC invocations=10 (full 0):
 garbage-first heap   total 157696K, used 119196K [0x00000000a0000000, 0x0000000100000000)
  region size 1024K, 92 young (94208K), 7 survivors (7168K)
 Metaspace       used 52404K, capacity 53861K, committed 54092K, reserved 1095680K
  class space    used 6706K, capacity 7179K, committed 7244K, reserved 1048576K
}
Event: 5.968 GC heap after
{Heap after GC invocations=11 (full 0):
 garbage-first heap   total 157696K, used 41032K [0x00000000a0000000, 0x0000000100000000)
  region size 1024K, 12 young (12288K), 12 survivors (12288K)
 Metaspace       used 52404K, capacity 53861K, committed 54092K, reserved 1095680K
  class space    used 6706K, capacity 7179K, committed 7244K, reserved 1048576K
}
Event: 6.873 GC heap before
{Heap before GC invocations=11 (full 0):
 garbage-first heap   total 157696K, used 77896K [0x00000000a0000000, 0x0000000100000000)
  region size 1024K, 49 young (50176K), 12 survivors (12288K)
 Metaspace       used 58634K, capacity 60201K, committed 60236K, reserved 1101824K
  class space    used 7432K, capacity 7987K, committed 8012K, reserved 1048576K
}
Event: 6.892 GC heap after
{Heap after GC invocations=12 (full 0):
 garbage-first heap   total 157696K, used 44357K [0x00000000a0000000, 0x0000000100000000)
  region size 1024K, 3 young (3072K), 3 survivors (3072K)
 Metaspace       used 58634K, capacity 60201K, committed 60236K, reserved 1101824K
  class space    used 7432K, capacity 7987K, committed 8012K, reserved 1048576K
}

Deoptimization events (20 events):
Event: 7.042 Thread 0x0000019dfb8fa800 DEOPT PACKING pc=0x0000019de3be205d sp=0x000000241dcf3870
Event: 7.042 Thread 0x0000019dfb8fa800 DEOPT UNPACKING pc=0x0000019de2aa76ce sp=0x000000241dcf2d28 mode 0
Event: 7.043 Thread 0x0000019dfb8fa800 DEOPT PACKING pc=0x0000019de3be205d sp=0x000000241dcf3870
Event: 7.043 Thread 0x0000019dfb8fa800 DEOPT UNPACKING pc=0x0000019de2aa76ce sp=0x000000241dcf2d28 mode 0
Event: 7.043 Thread 0x0000019dfb8fa800 DEOPT PACKING pc=0x0000019de3be205d sp=0x000000241dcf3870
Event: 7.043 Thread 0x0000019dfb8fa800 DEOPT UNPACKING pc=0x0000019de2aa76ce sp=0x000000241dcf2d28 mode 0
Event: 7.165 Thread 0x0000019dfb8fa800 Uncommon trap: trap_request=0xffffff4d fr.pc=0x0000019dea8094b4 relative=0x0000000000002e74
Event: 7.165 Thread 0x0000019dfb8fa800 Uncommon trap: reason=unstable_if action=reinterpret pc=0x0000019dea8094b4 method=java.util.regex.Pattern.has(I)Z @ 6 c2
Event: 7.165 Thread 0x0000019dfb8fa800 DEOPT PACKING pc=0x0000019dea8094b4 sp=0x000000241dcf6730
Event: 7.165 Thread 0x0000019dfb8fa800 DEOPT UNPACKING pc=0x0000019de2aa78af sp=0x000000241dcf66b0 mode 2
Event: 7.168 Thread 0x0000019dfb8fa800 Uncommon trap: trap_request=0xffffff4d fr.pc=0x0000019dea84c650 relative=0x00000000000000f0
Event: 7.168 Thread 0x0000019dfb8fa800 Uncommon trap: reason=unstable_if action=reinterpret pc=0x0000019dea84c650 method=java.util.concurrent.ConcurrentHashMap.addCount(JI)V @ 110 c2
Event: 7.168 Thread 0x0000019dfb8fa800 DEOPT PACKING pc=0x0000019dea84c650 sp=0x000000241dcf7460
Event: 7.168 Thread 0x0000019dfb8fa800 DEOPT UNPACKING pc=0x0000019de2aa78af sp=0x000000241dcf7398 mode 2
Event: 7.244 Thread 0x0000019dfb8fa800 DEOPT PACKING pc=0x0000019de37c86e1 sp=0x000000241dcf7300
Event: 7.244 Thread 0x0000019dfb8fa800 DEOPT UNPACKING pc=0x0000019de2aa76ce sp=0x000000241dcf67b8 mode 0
Event: 7.379 Thread 0x0000019dfb8fa800 Uncommon trap: trap_request=0xffffff4d fr.pc=0x0000019dea76f79c relative=0x000000000000033c
Event: 7.379 Thread 0x0000019dfb8fa800 Uncommon trap: reason=unstable_if action=reinterpret pc=0x0000019dea76f79c method=org.gradle.internal.reflect.PropertyAccessorType.of(Ljava/lang/reflect/Method;)Lorg/gradle/internal/reflect/PropertyAccessorType; @ 56 c2
Event: 7.379 Thread 0x0000019dfb8fa800 DEOPT PACKING pc=0x0000019dea76f79c sp=0x000000241dcf7400
Event: 7.379 Thread 0x0000019dfb8fa800 DEOPT UNPACKING pc=0x0000019de2aa78af sp=0x000000241dcf73c0 mode 2

Classes redefined (0 events):
No events

Internal exceptions (20 events):
Event: 5.371 Thread 0x0000019dfc407000 Exception <a 'java/lang/NoSuchMethodError'{0x00000000a6898fe0}: <clinit>> (0x00000000a6898fe0) thrown at [./src/hotspot/share/prims/jni.cpp, line 1362]
Event: 5.372 Thread 0x0000019dfc407000 Exception <a 'java/lang/NoSuchMethodError'{0x00000000a68a2b88}: <clinit>> (0x00000000a68a2b88) thrown at [./src/hotspot/share/prims/jni.cpp, line 1362]
Event: 5.372 Thread 0x0000019dfc407000 Exception <a 'java/lang/NoSuchMethodError'{0x00000000a68acfe0}: <clinit>> (0x00000000a68acfe0) thrown at [./src/hotspot/share/prims/jni.cpp, line 1362]
Event: 5.375 Thread 0x0000019dfc407000 Exception <a 'java/lang/NoSuchMethodError'{0x00000000a68c0af8}: <clinit>> (0x00000000a68c0af8) thrown at [./src/hotspot/share/prims/jni.cpp, line 1362]
Event: 5.397 Thread 0x0000019dfb8fa800 Exception <a 'java/lang/ClassNotFoundException'{0x00000000a67367b0}: build_8estgph1punzuz1bn2s3wgj40BeanInfo> (0x00000000a67367b0) thrown at [./src/hotspot/share/classfile/systemDictionary.cpp, line 231]
Event: 5.398 Thread 0x0000019dfb8fa800 Exception <a 'java/lang/ClassNotFoundException'{0x00000000a67416d8}: build_8estgph1punzuz1bn2s3wgj40Customizer> (0x00000000a67416d8) thrown at [./src/hotspot/share/classfile/systemDictionary.cpp, line 231]
Event: 5.402 Thread 0x0000019dfb8fa800 Exception <a 'java/lang/ClassNotFoundException'{0x00000000a67a3b50}: org/gradle/api/internal/plugins/DefaultObjectConfigurationActionBeanInfo> (0x00000000a67a3b50) thrown at [./src/hotspot/share/classfile/systemDictionary.cpp, line 231]
Event: 5.403 Thread 0x0000019dfb8fa800 Exception <a 'java/lang/ClassNotFoundException'{0x00000000a67d5c58}: org/gradle/api/internal/plugins/DefaultObjectConfigurationActionCustomizer> (0x00000000a67d5c58) thrown at [./src/hotspot/share/classfile/systemDictionary.cpp, line 231]
Event: 5.561 Thread 0x0000019dfb8fa800 Exception <a 'java/lang/NoSuchMethodError'{0x00000000a5cd9848}: 'java.lang.Object java.lang.invoke.DirectMethodHandle$Holder.invokeStatic(java.lang.Object, java.lang.Object, java.lang.Object, java.lang.Object, int)'> (0x00000000a5cd9848) thrown at [./src/hotspot/share/interpreter/linkResolver.cpp, line 773]
Event: 5.563 Thread 0x0000019dfb8fa800 Exception <a 'java/lang/NoSuchMethodError'{0x00000000a5cde240}: 'java.lang.Object java.lang.invoke.DirectMethodHandle$Holder.invokeSpecial(java.lang.Object, java.lang.Object, java.lang.Object, java.lang.Object, java.lang.Object, int)'> (0x00000000a5cde240) thrown at [./src/hotspot/share/interpreter/linkResolver.cpp, line 773]
Event: 5.566 Thread 0x0000019dfb8fa800 Exception <a 'java/lang/NoSuchMethodError'{0x00000000a5ce2880}: 'java.lang.Object java.lang.invoke.Invokers$Holder.linkToTargetMethod(java.lang.Object, java.lang.Object, java.lang.Object, int, java.lang.Object)'> (0x00000000a5ce2880) thrown at [./src/hotspot/share/interpreter/linkResolver.cpp, line 773]
Event: 5.823 Thread 0x0000019dfb8fa800 Exception <a 'java/lang/NoSuchMethodError'{0x00000000a4dc4ae8}: 'java.lang.Object java.lang.invoke.DirectMethodHandle$Holder.invokeSpecial(java.lang.Object, java.lang.Object, int, int, java.lang.Object, java.lang.Object, java.lang.Object)'> (0x00000000a4dc4ae8) thrown at [./src/hotspot/share/interpreter/linkResolver.cpp, line 773]
Event: 5.823 Thread 0x0000019dfb8fa800 Exception <a 'java/lang/NoSuchMethodError'{0x00000000a4dc9068}: 'java.lang.Object java.lang.invoke.DelegatingMethodHandle$Holder.reinvoke_L(java.lang.Object, int, int, java.lang.Object, java.lang.Object, java.lang.Object)'> (0x00000000a4dc9068) thrown at [./src/hotspot/share/interpreter/linkResolver.cpp, line 773]
Event: 6.049 Thread 0x0000019dfb8fa800 Exception <a 'java/lang/NoSuchMethodError'{0x00000000a9666f68}: 'int java.lang.invoke.DirectMethodHandle$Holder.invokeInterface(java.lang.Object, java.lang.Object, java.lang.Object, java.lang.Object)'> (0x00000000a9666f68) thrown at [./src/hotspot/share/interpreter/linkResolver.cpp, line 773]
Event: 6.566 Thread 0x0000019dfb8fa800 Exception <a 'java/lang/NoSuchMethodError'{0x00000000a8681c18}: 'void java.lang.invoke.DirectMethodHandle$Holder.invokeInterface(java.lang.Object, java.lang.Object, java.lang.Object, java.lang.Object)'> (0x00000000a8681c18) thrown at [./src/hotspot/share/interpreter/linkResolver.cpp, line 773]
Event: 6.702 Thread 0x0000019dfb8fa800 Exception <a 'java/lang/IncompatibleClassChangeError'{0x00000000a7eabd30}: Found class java.lang.Object, but interface was expected> (0x00000000a7eabd30) thrown at [./src/hotspot/share/interpreter/linkResolver.cpp, line 839]
Event: 6.760 Thread 0x0000019dfb8fa800 Implicit null exception at 0x0000019dea83ea54 to 0x0000019dea83ec38
Event: 6.760 Thread 0x0000019dfb8fa800 Implicit null exception at 0x0000019dea82c277 to 0x0000019dea82dfd8
Event: 6.840 Thread 0x0000019dfb8fa800 Implicit null exception at 0x0000019dea868eab to 0x0000019dea869180
Event: 7.087 Thread 0x0000019dfb8fa800 Exception <a 'sun/nio/fs/WindowsException'{0x00000000a8c6df88}> (0x00000000a8c6df88) thrown at [./src/hotspot/share/prims/jni.cpp, line 615]

Events (20 events):
Event: 7.404 loading class com/android/build/gradle/internal/scope/InternalArtifactType$COMPILE_MANIFEST_JAR
Event: 7.404 loading class com/android/build/gradle/internal/scope/InternalArtifactType$COMPILE_MANIFEST_JAR done
Event: 7.405 loading class com/android/utils/FileUtils
Event: 7.405 loading class com/android/utils/FileUtils done
Event: 7.405 loading class com/google/common/base/Joiner
Event: 7.405 loading class com/google/common/base/Joiner done
Event: 7.406 loading class com/google/common/base/Joiner$2
Event: 7.406 loading class com/google/common/base/Joiner$2 done
Event: 7.406 loading class com/google/common/base/Joiner$1
Event: 7.406 loading class com/google/common/base/Joiner$1 done
Event: 7.407 loading class kotlin/_Assertions
Event: 7.407 loading class kotlin/_Assertions done
Event: 7.407 loading class kotlin/_Assertions
Event: 7.407 loading class kotlin/_Assertions done
Event: 7.407 loading class com/android/build/gradle/internal/core/VariantDslInfoBuilder
Event: 7.407 loading class com/android/build/gradle/internal/core/VariantDslInfoBuilder done
Event: 7.408 loading class com/android/build/gradle/internal/core/VariantDslInfoBuilder$Companion
Event: 7.408 loading class com/android/build/gradle/internal/core/VariantDslInfoBuilder$Companion done
Event: 7.411 loading class com/android/build/gradle/internal/BuildTypeData
Event: 7.411 loading class com/android/build/gradle/internal/BuildTypeData done


Dynamic libraries:
0x00007ff783460000 - 0x00007ff78346a000 	C:\Program Files\Android\Android Studio\jre\bin\java.exe
0x00007fff20b10000 - 0x00007fff20d05000 	C:\WINDOWS\SYSTEM32\ntdll.dll
0x00007fff1f470000 - 0x00007fff1f52d000 	C:\WINDOWS\System32\KERNEL32.DLL
0x00007fff1e7f0000 - 0x00007fff1eab8000 	C:\WINDOWS\System32\KERNELBASE.dll
0x00007fff1e450000 - 0x00007fff1e550000 	C:\WINDOWS\System32\ucrtbase.dll
0x00007fff07ae0000 - 0x00007fff07af7000 	C:\Program Files\Android\Android Studio\jre\bin\VCRUNTIME140.dll
0x00007fff045e0000 - 0x00007fff045f9000 	C:\Program Files\Android\Android Studio\jre\bin\jli.dll
0x00007fff20150000 - 0x00007fff202f0000 	C:\WINDOWS\System32\USER32.dll
0x00007fff1eb10000 - 0x00007fff1eb32000 	C:\WINDOWS\System32\win32u.dll
0x00007fff1edc0000 - 0x00007fff1edea000 	C:\WINDOWS\System32\GDI32.dll
0x00007fff08810000 - 0x00007fff08aaa000 	C:\WINDOWS\WinSxS\amd64_microsoft.windows.common-controls_6595b64144ccf1df_6.0.19041.844_none_ca00b6081b84eb1d\COMCTL32.dll
0x00007fff1e550000 - 0x00007fff1e65b000 	C:\WINDOWS\System32\gdi32full.dll
0x00007fff1f590000 - 0x00007fff1f62e000 	C:\WINDOWS\System32\msvcrt.dll
0x00007fff1e220000 - 0x00007fff1e2bd000 	C:\WINDOWS\System32\msvcp_win.dll
0x00007fff1edf0000 - 0x00007fff1ee20000 	C:\WINDOWS\System32\IMM32.DLL
0x00007fff03fa0000 - 0x00007fff0403d000 	C:\Program Files\Android\Android Studio\jre\bin\msvcp140.dll
0x00007ffec7080000 - 0x00007ffec7b4f000 	C:\Program Files\Android\Android Studio\jre\bin\server\jvm.dll
0x00007fff1fef0000 - 0x00007fff1ff9c000 	C:\WINDOWS\System32\ADVAPI32.dll
0x00007fff20050000 - 0x00007fff200eb000 	C:\WINDOWS\System32\sechost.dll
0x00007fff1ef50000 - 0x00007fff1f07b000 	C:\WINDOWS\System32\RPCRT4.dll
0x00007fff1f460000 - 0x00007fff1f468000 	C:\WINDOWS\System32\PSAPI.DLL
0x00007fff0f670000 - 0x00007fff0f679000 	C:\WINDOWS\SYSTEM32\WSOCK32.dll
0x00007fff0f5d0000 - 0x00007fff0f5f7000 	C:\WINDOWS\SYSTEM32\WINMM.dll
0x00007fff17e10000 - 0x00007fff17e1a000 	C:\WINDOWS\SYSTEM32\VERSION.dll
0x00007fff1f6c0000 - 0x00007fff1f72b000 	C:\WINDOWS\System32\WS2_32.dll
0x00007fff1c190000 - 0x00007fff1c1a2000 	C:\WINDOWS\SYSTEM32\kernel.appcore.dll
0x00007fff0d320000 - 0x00007fff0d331000 	C:\Program Files\Android\Android Studio\jre\bin\verify.dll
0x00007fff0a220000 - 0x00007fff0a404000 	C:\WINDOWS\SYSTEM32\DBGHELP.DLL
0x00007fff0c2e0000 - 0x00007fff0c30c000 	C:\WINDOWS\SYSTEM32\dbgcore.DLL
0x00007fff1e370000 - 0x00007fff1e3f0000 	C:\WINDOWS\System32\bcryptPrimitives.dll
0x00007fff0a850000 - 0x00007fff0a879000 	C:\Program Files\Android\Android Studio\jre\bin\java.dll
0x00007fff17110000 - 0x00007fff1711b000 	C:\Program Files\Android\Android Studio\jre\bin\jimage.dll
0x00007fff0a830000 - 0x00007fff0a848000 	C:\Program Files\Android\Android Studio\jre\bin\zip.dll
0x00007fff1f730000 - 0x00007fff1fe72000 	C:\WINDOWS\System32\SHELL32.dll
0x00007fff1c390000 - 0x00007fff1cb20000 	C:\WINDOWS\SYSTEM32\windows.storage.dll
0x00007fff1f100000 - 0x00007fff1f455000 	C:\WINDOWS\System32\combase.dll
0x00007fff1dc90000 - 0x00007fff1dcbc000 	C:\WINDOWS\SYSTEM32\Wldp.dll
0x00007fff1ffa0000 - 0x00007fff2004e000 	C:\WINDOWS\System32\SHCORE.dll
0x00007fff1f530000 - 0x00007fff1f585000 	C:\WINDOWS\System32\shlwapi.dll
0x00007fff1e160000 - 0x00007fff1e17f000 	C:\WINDOWS\SYSTEM32\profapi.dll
0x00007fff0a7c0000 - 0x00007fff0a7da000 	C:\Program Files\Android\Android Studio\jre\bin\net.dll
0x00007fff176e0000 - 0x00007fff177eb000 	C:\WINDOWS\SYSTEM32\WINHTTP.dll
0x00007fff1da00000 - 0x00007fff1da6a000 	C:\WINDOWS\system32\mswsock.dll
0x00007fff07ac0000 - 0x00007fff07ad4000 	C:\Program Files\Android\Android Studio\jre\bin\nio.dll
0x00007fff03df0000 - 0x00007fff03e17000 	C:\Users\fariseev-ps\.gradle\native\8bec1ad78214c89d9ad589b4d07fe93259594b29d510b10fafb7a158f7737e5d\windows-amd64\native-platform.dll
0x00007ffecede0000 - 0x00007ffecef1d000 	C:\Users\fariseev-ps\.gradle\native\53dbd7edfb1c66fb8903c78663c9afc45aea4f116125fa6feffd364cf09443e8\windows-amd64\native-platform-file-events.dll
0x00007fff170f0000 - 0x00007fff170fa000 	C:\Program Files\Android\Android Studio\jre\bin\management.dll
0x00007fff16d80000 - 0x00007fff16d8c000 	C:\Program Files\Android\Android Studio\jre\bin\management_ext.dll
0x00007fff1dbd0000 - 0x00007fff1dbe8000 	C:\WINDOWS\SYSTEM32\CRYPTSP.dll
0x00007fff1d2d0000 - 0x00007fff1d304000 	C:\WINDOWS\system32\rsaenh.dll
0x00007fff1e660000 - 0x00007fff1e687000 	C:\WINDOWS\System32\bcrypt.dll
0x00007fff1e0e0000 - 0x00007fff1e10e000 	C:\WINDOWS\SYSTEM32\USERENV.dll
0x00007fff1dbf0000 - 0x00007fff1dbfc000 	C:\WINDOWS\SYSTEM32\CRYPTBASE.dll
0x00007fff1d6a0000 - 0x00007fff1d6db000 	C:\WINDOWS\SYSTEM32\IPHLPAPI.DLL
0x00007fff1fee0000 - 0x00007fff1fee8000 	C:\WINDOWS\System32\NSI.dll
0x00007fff18f60000 - 0x00007fff18f77000 	C:\WINDOWS\SYSTEM32\dhcpcsvc6.DLL
0x00007fff18f10000 - 0x00007fff18f2d000 	C:\WINDOWS\SYSTEM32\dhcpcsvc.DLL
0x00007fff1d6e0000 - 0x00007fff1d7ac000 	C:\WINDOWS\SYSTEM32\DNSAPI.dll

dbghelp: loaded successfully - version: 4.0.5 - missing functions: none
symbol engine: initialized successfully - sym options: 0x614 - pdb path: .;C:\Program Files\Android\Android Studio\jre\bin;C:\WINDOWS\SYSTEM32;C:\WINDOWS\WinSxS\amd64_microsoft.windows.common-controls_6595b64144ccf1df_6.0.19041.844_none_ca00b6081b84eb1d;C:\Program Files\Android\Android Studio\jre\bin\server;C:\Users\fariseev-ps\.gradle\native\8bec1ad78214c89d9ad589b4d07fe93259594b29d510b10fafb7a158f7737e5d\windows-amd64;C:\Users\fariseev-ps\.gradle\native\53dbd7edfb1c66fb8903c78663c9afc45aea4f116125fa6feffd364cf09443e8\windows-amd64

VM Arguments:
jvm_args: --add-opens=java.base/java.util=ALL-UNNAMED --add-opens=java.base/java.lang=ALL-UNNAMED --add-opens=java.base/java.lang.invoke=ALL-UNNAMED --add-opens=java.base/java.util=ALL-UNNAMED --add-opens=java.prefs/java.util.prefs=ALL-UNNAMED --add-opens=java.prefs/java.util.prefs=ALL-UNNAMED --add-opens=java.base/java.nio.charset=ALL-UNNAMED --add-opens=java.base/java.net=ALL-UNNAMED --add-opens=java.base/java.util.concurrent.atomic=ALL-UNNAMED -Xmx1536m -Dfile.encoding=windows-1251 -Duser.country=RU -Duser.language=ru -Duser.variant 
java_command: org.gradle.launcher.daemon.bootstrap.GradleDaemon 7.0.2
java_class_path (initial): C:\Users\fariseev-ps\.gradle\wrapper\dists\gradle-7.0.2-all\7era6s5ay7zsbhuvl0oc9g94s\gradle-7.0.2\lib\gradle-launcher-7.0.2.jar
Launcher Type: SUN_STANDARD

[Global flags]
     intx CICompilerCount                          = 4                                         {product} {ergonomic}
     uint ConcGCThreads                            = 2                                         {product} {ergonomic}
     uint G1ConcRefinementThreads                  = 8                                         {product} {ergonomic}
   size_t G1HeapRegionSize                         = 1048576                                   {product} {ergonomic}
    uintx GCDrainStackTargetSize                   = 64                                        {product} {ergonomic}
   size_t InitialHeapSize                          = 134217728                                 {product} {ergonomic}
   size_t MarkStackSize                            = 4194304                                   {product} {ergonomic}
   size_t MaxHeapSize                              = 1610612736                                {product} {command line}
   size_t MaxNewSize                               = 965738496                                 {product} {ergonomic}
   size_t MinHeapDeltaBytes                        = 1048576                                   {product} {ergonomic}
    uintx NonNMethodCodeHeapSize                   = 5836300                                {pd product} {ergonomic}
    uintx NonProfiledCodeHeapSize                  = 122910970                              {pd product} {ergonomic}
    uintx ProfiledCodeHeapSize                     = 122910970                              {pd product} {ergonomic}
    uintx ReservedCodeCacheSize                    = 251658240                              {pd product} {ergonomic}
     bool SegmentedCodeCache                       = true                                      {product} {ergonomic}
     bool UseCompressedClassPointers               = true                                 {lp64_product} {ergonomic}
     bool UseCompressedOops                        = true                                 {lp64_product} {ergonomic}
     bool UseG1GC                                  = true                                      {product} {ergonomic}
     bool UseLargePagesIndividualAllocation        = false                                  {pd product} {ergonomic}

Logging:
Log output configuration:
 #0: stdout all=warning uptime,level,tags
 #1: stderr all=off uptime,level,tags

Environment Variables:
PATH=C:\ProgramData\Oracle\Java\javapath;D:\VM_Ware\bin\;C:\Program Files (x86)\CSR\BlueSuite 2.5.8\DFU Tools;C:\Program Files (x86)\Common Files\Oracle\Java\javapath;C:\Program Files (x86)\Intel\Intel(R) Management Engine Components\iCLS\;C:\Program Files\Intel\Intel(R) Management Engine Components\iCLS\;C:\WINDOWS\system32;C:\WINDOWS;C:\WINDOWS\System32\Wbem;C:\WINDOWS\System32\WindowsPowerShell\v1.0\;C:\WINDOWS\System32\OpenSSH\;C:\Program Files (x86)\Intel\Intel(R) Management Engine Components\DAL;C:\Program Files\Intel\Intel(R) Management Engine Components\DAL;C:\Program Files (x86)\Intel\Intel(R) Management Engine Components\IPT;C:\Program Files\Intel\Intel(R) Management Engine Components\IPT;D:\Git\cmd;C:\Program Files (x86)\HiPath 4000 Expert Access\;C:\Program Files (x86)\Kaspersky Lab\Kaspersky Endpoint Security for Windows\;C:\Program Files (x86)\Common Files\EXFO\Bin;EXFO\Bin;C:\Program Files (x86)\EXFO\ToolBox\Applications;C:\Program Files (x86)\EXFO\ToolBox\MultLang;C:\Program Files\PuTTY\;C:\Users\fariseev-ps\AppData\Local\Microsoft\WindowsApps;C:\Users\fariseev-ps\AppData\Local\GitHubDesktop\bin;C:\Program Files (x86)\Nmap;C:\Users\fariseev-ps\AppData\Local\Microsoft\WindowsApps
USERNAME=fariseev-ps
OS=Windows_NT
PROCESSOR_IDENTIFIER=Intel64 Family 6 Model 94 Stepping 3, GenuineIntel



---------------  S Y S T E M  ---------------

OS: Windows 10 , 64 bit Build 19041 (10.0.19041.928)
OS uptime: 0 days 16:11 hours

CPU:total 8 (initial active 8) (4 cores per cpu, 2 threads per core) family 6 model 94 stepping 3 microcode 0xd6, cmov, cx8, fxsr, mmx, sse, sse2, sse3, ssse3, sse4.1, sse4.2, popcnt, avx, avx2, aes, clmul, erms, rtm, 3dnowpref, lzcnt, ht, tsc, tscinvbit, bmi1, bmi2, adx, fma

Memory: 4k page, system-wide physical 8065M (643M free)
TotalPageFile size 8065M (AvailPageFile size 0M)
current process WorkingSet (physical memory assigned to process): 340M, peak: 353M
current process commit charge ("private bytes"): 387M, peak: 400M

vm_info: OpenJDK 64-Bit Server VM (11.0.10+0-b96-7249189) for windows-amd64 JRE (11.0.10+0-b96-7249189), built on Mar 31 2021 21:44:00 by "builder" with MS VC++ 14.0 (VS2015)

END.
