#
# There is insufficient memory for the Java Runtime Environment to continue.
# Native memory allocation (malloc) failed to allocate 275296 bytes for Chunk::new
# Possible reasons:
#   The system is out of physical RAM or swap space
#   In 32 bit mode, the process size limit was hit
# Possible solutions:
#   Reduce memory load on the system
#   Increase physical memory or swap space
#   Check if swap backing store is full
#   Use 64 bit Java on a 64 bit OS
#   Decrease Java heap size (-Xmx/-Xms)
#   Decrease number of Java threads
#   Decrease Java thread stack sizes (-Xss)
#   Set larger code cache with -XX:ReservedCodeCacheSize=
# This output file may be truncated or incomplete.
#
#  Out of Memory Error (allocation.cpp:390), pid=20552, tid=0x00000000000058d4
#
# JRE version: OpenJDK Runtime Environment (8.0_152-b01) (build 1.8.0_152-release-1343-b01)
# Java VM: OpenJDK 64-Bit Server VM (25.152-b01 mixed mode windows-amd64 compressed oops)
# Failed to write core dump. Minidumps are not enabled by default on client versions of Windows
#

---------------  T H R E A D  ---------------

Current thread (0x000000001637f000):  JavaThread "C2 CompilerThread0" daemon [_thread_in_native, id=22740, stack(0x00000000179c0000,0x0000000017ac0000)]

Stack: [0x00000000179c0000,0x0000000017ac0000]
[error occurred during error reporting (printing stack bounds), id 0xc0000005]

Native frames: (J=compiled Java code, j=interpreted, Vv=VM code, C=native code)


Current CompileTask:
C2:1295773 14213   !   4       com.android.apksig.DefaultApkSignerEngine$GetJarEntryDataDigestRequest::done (54 bytes)


---------------  P R O C E S S  ---------------

Java Threads: ( => current thread )
  0x000000001f232800 JavaThread "ForkJoinPool.commonPool-worker-3" daemon [_thread_in_vm, id=9504, stack(0x000000002c5b0000,0x000000002c6b0000)]
  0x000000001f225000 JavaThread "Cache worker for Java compile cache (C:\Users\fariseev-ps.KPMES\AndroidStudioProjects\4\.gradle\5.1.1\javaCompile)" [_thread_blocked, id=16092, stack(0x000000002c3b0000,0x000000002c4b0000)]
  0x000000001f22c000 JavaThread "Cache worker for Java compile cache (C:\Users\fariseev-ps.KPMES\.gradle\caches\5.1.1\javaCompile)" [_thread_blocked, id=18992, stack(0x000000002c2b0000,0x000000002c3b0000)]
  0x000000001f22b000 JavaThread "Cache worker for execution history cache (C:\Users\fariseev-ps.KPMES\AndroidStudioProjects\4\.gradle\5.1.1\executionHistory)" [_thread_blocked, id=22424, stack(0x000000002c1b0000,0x000000002c2b0000)]
  0x000000001f227800 JavaThread "Execution worker for ':' Thread 3" [_thread_blocked, id=22484, stack(0x000000002c0b0000,0x000000002c1b0000)]
  0x000000001f229800 JavaThread "Execution worker for ':' Thread 2" [_thread_blocked, id=9612, stack(0x000000002bfb0000,0x000000002c0b0000)]
  0x000000001f228000 JavaThread "Execution worker for ':'" [_thread_blocked, id=16612, stack(0x000000002beb0000,0x000000002bfb0000)]
  0x000000001f226800 JavaThread "Cache worker for file content cache (C:\Users\fariseev-ps.KPMES\AndroidStudioProjects\4\.gradle\5.1.1\fileContent)" [_thread_blocked, id=9244, stack(0x000000002bdb0000,0x000000002beb0000)]
  0x000000001f224800 JavaThread "Cache worker for Build Output Cleanup Cache (C:\Users\fariseev-ps.KPMES\AndroidStudioProjects\4\.gradle\buildOutputCleanup)" [_thread_blocked, id=3364, stack(0x000000002bcb0000,0x000000002bdb0000)]
  0x000000001f229000 JavaThread "pool-5-thread-1" [_thread_blocked, id=23356, stack(0x000000002bbb0000,0x000000002bcb0000)]
  0x000000001e139000 JavaThread "Build operations Thread 4" [_thread_blocked, id=4064, stack(0x000000002bab0000,0x000000002bbb0000)]
  0x000000001e138000 JavaThread "Build operations Thread 3" [_thread_blocked, id=11872, stack(0x000000002b9b0000,0x000000002bab0000)]
  0x000000001e137800 JavaThread "Build operations Thread 2" [_thread_blocked, id=18140, stack(0x000000002b8b0000,0x000000002b9b0000)]
  0x000000001e12f800 JavaThread "Build operations" [_thread_blocked, id=16128, stack(0x000000002b7b0000,0x000000002b8b0000)]
  0x000000001e135800 JavaThread "Cache worker for cache directory md-rule (C:\Users\fariseev-ps.KPMES\.gradle\caches\5.1.1\md-rule)" [_thread_blocked, id=5040, stack(0x000000002b6b0000,0x000000002b7b0000)]
  0x000000001e135000 JavaThread "Cache worker for cache directory md-supplier (C:\Users\fariseev-ps.KPMES\.gradle\caches\5.1.1\md-supplier)" [_thread_blocked, id=388, stack(0x000000002b5b0000,0x000000002b6b0000)]
  0x000000001e132000 JavaThread "Cache worker for file hash cache (C:\Users\fariseev-ps.KPMES\AndroidStudioProjects\4\.gradle\5.1.1\fileHashes)" [_thread_blocked, id=2988, stack(0x000000002b4b0000,0x000000002b5b0000)]
  0x000000001e12f000 JavaThread "Thread-52" [_thread_blocked, id=1576, stack(0x000000002b3b0000,0x000000002b4b0000)]
  0x000000001e134000 JavaThread "Stdin handler" [_thread_blocked, id=8336, stack(0x000000002b2b0000,0x000000002b3b0000)]
  0x000000001e12a800 JavaThread "Asynchronous log dispatcher for DefaultDaemonConnection: socket connection from /127.0.0.1:62252 to /127.0.0.1:62565" [_thread_blocked, id=2480, stack(0x000000002b1b0000,0x000000002b2b0000)]
  0x000000001e12e000 JavaThread "Daemon worker Thread 3" [_thread_blocked, id=23996, stack(0x000000002b0b0000,0x000000002b1b0000)]
  0x000000001e12c800 JavaThread "Cancel handler" [_thread_blocked, id=23076, stack(0x000000002afb0000,0x000000002b0b0000)]
  0x000000001e130800 JavaThread "Handler for socket connection from /127.0.0.1:62252 to /127.0.0.1:62565" [_thread_in_native, id=20944, stack(0x000000002aeb0000,0x000000002afb0000)]
  0x000000001e12c000 JavaThread "Daemon Thread 3" [_thread_blocked, id=2484, stack(0x000000002adb0000,0x000000002aeb0000)]
  0x000000001e12d800 JavaThread "Cache worker for file content cache (C:\Users\fariseev-ps.KPMES\.gradle\caches\5.1.1\fileContent)" [_thread_blocked, id=11128, stack(0x00000000226b0000,0x00000000227b0000)]
  0x000000001e131000 JavaThread "Memory manager" [_thread_blocked, id=11016, stack(0x00000000220f0000,0x00000000221f0000)]
  0x000000001e12b000 JavaThread "Cache worker for execution history cache (C:\Users\fariseev-ps.KPMES\.gradle\caches\5.1.1\executionHistory)" [_thread_blocked, id=18108, stack(0x00000000205f0000,0x00000000206f0000)]
  0x0000000019515000 JavaThread "Cache worker for journal cache (C:\Users\fariseev-ps.KPMES\.gradle\caches\journal-1)" [_thread_blocked, id=17732, stack(0x000000001b0c0000,0x000000001b1c0000)]
  0x0000000019511800 JavaThread "File lock request listener" [_thread_in_native, id=21332, stack(0x000000001afc0000,0x000000001b0c0000)]
  0x00000000194ae800 JavaThread "Cache worker for file hash cache (C:\Users\fariseev-ps.KPMES\.gradle\caches\5.1.1\fileHashes)" [_thread_blocked, id=23516, stack(0x000000001aec0000,0x000000001afc0000)]
  0x00000000193b1800 JavaThread "Daemon periodic checks" [_thread_blocked, id=2896, stack(0x000000001a4c0000,0x000000001a5c0000)]
  0x00000000193aa800 JavaThread "Incoming local TCP Connector on port 62252" [_thread_in_native, id=21308, stack(0x0000000019fd0000,0x000000001a0d0000)]
  0x00000000163dc000 JavaThread "Service Thread" daemon [_thread_blocked, id=19660, stack(0x00000000180c0000,0x00000000181c0000)]
  0x0000000017bc8800 JavaThread "C1 CompilerThread2" daemon [_thread_blocked, id=13452, stack(0x0000000017fc0000,0x00000000180c0000)]
  0x0000000016381800 JavaThread "C2 CompilerThread1" daemon [_thread_in_native, id=10076, stack(0x0000000017ac0000,0x0000000017bc0000)]
=>0x000000001637f000 JavaThread "C2 CompilerThread0" daemon [_thread_in_native, id=22740, stack(0x00000000179c0000,0x0000000017ac0000)]
  0x000000001637d000 JavaThread "Attach Listener" daemon [_thread_blocked, id=9716, stack(0x00000000178c0000,0x00000000179c0000)]
  0x000000001637b800 JavaThread "Signal Dispatcher" daemon [_thread_blocked, id=23656, stack(0x00000000177c0000,0x00000000178c0000)]
  0x0000000002a0b000 JavaThread "Finalizer" daemon [_thread_blocked, id=16016, stack(0x00000000175d0000,0x00000000176d0000)]
  0x0000000002a00800 JavaThread "Reference Handler" daemon [_thread_blocked, id=20172, stack(0x00000000174d0000,0x00000000175d0000)]
  0x000000000280d800 JavaThread "main" [_thread_blocked, id=18596, stack(0x0000000002810000,0x0000000002910000)]

Other Threads:
  0x0000000016347800 VMThread [stack: 0x00000000173d0000,0x00000000174d0000] [id=7340]
  0x00000000163dd800 WatcherThread [stack: 0x00000000181c0000,0x00000000182c0000] [id=24180]

VM state:not at safepoint (normal execution)

VM Mutex/Monitor currently owned by a thread: None

Heap:
 PSYoungGen      total 457728K, used 71636K [0x00000000e0000000, 0x00000000fea80000, 0x0000000100000000)
  eden space 431616K, 10% used [0x00000000e0000000,0x00000000e2c9b368,0x00000000fa580000)
  from space 26112K, 99% used [0x00000000fd100000,0x00000000fea59d70,0x00000000fea80000)
  to   space 34304K, 0% used [0x00000000fa780000,0x00000000fa780000,0x00000000fc900000)
 ParOldGen       total 92160K, used 58488K [0x00000000a0000000, 0x00000000a5a00000, 0x00000000e0000000)
  object space 92160K, 63% used [0x00000000a0000000,0x00000000a391e1a0,0x00000000a5a00000)
 Metaspace       used 85736K, capacity 88982K, committed 89112K, reserved 1126400K
  class space    used 11131K, capacity 11756K, committed 11800K, reserved 1048576K

Card table byte_map: [0x0000000011dd0000,0x00000000120e0000] byte_map_base: 0x00000000118d0000

Marking Bits: (ParMarkBitMap*) 0x0000000073965aa0
 Begin Bits: [0x00000000126e0000, 0x0000000013ee0000)
 End Bits:   [0x0000000013ee0000, 0x00000000156e0000)

Polling page: 0x0000000000c80000

CodeCache: size=245760Kb used=38401Kb max_used=38412Kb free=207358Kb
 bounds [0x0000000002a10000, 0x0000000004fd0000, 0x0000000011a10000]
 total_blobs=13009 nmethods=12149 adapters=771
 compilation: enabled

Compilation events (10 events):
Event: 1295.409 Thread 0x0000000016381800 nmethod 14208 0x0000000004fb6ed0 code [0x0000000004fb7020, 0x0000000004fb7318]
Event: 1295.415 Thread 0x0000000016381800 14209       4       sun.security.provider.SHA2::<init> (34 bytes)
Event: 1295.417 Thread 0x0000000016381800 nmethod 14209 0x0000000004fa37d0 code [0x0000000004fa3920, 0x0000000004fa3c18]
Event: 1295.417 Thread 0x0000000016381800 14210   !   4       com.android.tools.build.apkzlib.sign.SigningExtension::onZipEntryOutput (168 bytes)
Event: 1295.424 Thread 0x000000001637f000 nmethod 14206 0x0000000004fc0710 code [0x0000000004fc0980, 0x0000000004fc1810]
Event: 1295.424 Thread 0x000000001637f000 14211       4       java.security.Provider::ensureLegacyParsed (123 bytes)
Event: 1295.424 Thread 0x000000001637f000 nmethod 14211 0x0000000003cdcad0 code [0x0000000003cdcc00, 0x0000000003cdcc78]
Event: 1295.424 Thread 0x000000001637f000 14212   !   4       sun.reflect.GeneratedConstructorAccessor50::newInstance (49 bytes)
Event: 1295.426 Thread 0x000000001637f000 nmethod 14212 0x0000000004fbe410 code [0x0000000004fbe5a0, 0x0000000004fbe968]
Event: 1295.426 Thread 0x000000001637f000 14213   !   4       com.android.apksig.DefaultApkSignerEngine$GetJarEntryDataDigestRequest::done (54 bytes)

GC Heap History (10 events):
Event: 62.703 GC heap before
{Heap before GC invocations=15 (full 3):
 PSYoungGen      total 246272K, used 128K [0x00000000e0000000, 0x00000000f1380000, 0x0000000100000000)
  eden space 227840K, 0% used [0x00000000e0000000,0x00000000e0000000,0x00000000ede80000)
  from space 18432K, 0% used [0x00000000ef180000,0x00000000ef1a0000,0x00000000f0380000)
  to   space 19456K, 0% used [0x00000000ede80000,0x00000000ede80000,0x00000000ef180000)
 ParOldGen       total 72192K, used 33420K [0x00000000a0000000, 0x00000000a4680000, 0x00000000e0000000)
  object space 72192K, 46% used [0x00000000a0000000,0x00000000a20a3218,0x00000000a4680000)
 Metaspace       used 57545K, capacity 59034K, committed 59160K, reserved 1099776K
  class space    used 7756K, capacity 8146K, committed 8216K, reserved 1048576K
Event: 62.877 GC heap after
Heap after GC invocations=15 (full 3):
 PSYoungGen      total 246272K, used 0K [0x00000000e0000000, 0x00000000f1380000, 0x0000000100000000)
  eden space 227840K, 0% used [0x00000000e0000000,0x00000000e0000000,0x00000000ede80000)
  from space 18432K, 0% used [0x00000000ef180000,0x00000000ef180000,0x00000000f0380000)
  to   space 19456K, 0% used [0x00000000ede80000,0x00000000ede80000,0x00000000ef180000)
 ParOldGen       total 92160K, used 26433K [0x00000000a0000000, 0x00000000a5a00000, 0x00000000e0000000)
  object space 92160K, 28% used [0x00000000a0000000,0x00000000a19d07e8,0x00000000a5a00000)
 Metaspace       used 57545K, capacity 59034K, committed 59160K, reserved 1099776K
  class space    used 7756K, capacity 8146K, committed 8216K, reserved 1048576K
}
Event: 84.869 GC heap before
{Heap before GC invocations=16 (full 3):
 PSYoungGen      total 246272K, used 227840K [0x00000000e0000000, 0x00000000f1380000, 0x0000000100000000)
  eden space 227840K, 100% used [0x00000000e0000000,0x00000000ede80000,0x00000000ede80000)
  from space 18432K, 0% used [0x00000000ef180000,0x00000000ef180000,0x00000000f0380000)
  to   space 19456K, 0% used [0x00000000ede80000,0x00000000ede80000,0x00000000ef180000)
 ParOldGen       total 92160K, used 26433K [0x00000000a0000000, 0x00000000a5a00000, 0x00000000e0000000)
  object space 92160K, 28% used [0x00000000a0000000,0x00000000a19d07e8,0x00000000a5a00000)
 Metaspace       used 63580K, capacity 65430K, committed 65560K, reserved 1105920K
  class space    used 8508K, capacity 8948K, committed 8984K, reserved 1048576K
Event: 84.887 GC heap after
Heap after GC invocations=16 (full 3):
 PSYoungGen      total 247296K, used 15673K [0x00000000e0000000, 0x00000000f6b80000, 0x0000000100000000)
  eden space 227840K, 0% used [0x00000000e0000000,0x00000000e0000000,0x00000000ede80000)
  from space 19456K, 80% used [0x00000000ede80000,0x00000000eedce700,0x00000000ef180000)
  to   space 20992K, 0% used [0x00000000f5700000,0x00000000f5700000,0x00000000f6b80000)
 ParOldGen       total 92160K, used 26441K [0x00000000a0000000, 0x00000000a5a00000, 0x00000000e0000000)
  object space 92160K, 28% used [0x00000000a0000000,0x00000000a19d27e8,0x00000000a5a00000)
 Metaspace       used 63580K, capacity 65430K, committed 65560K, reserved 1105920K
  class space    used 8508K, capacity 8948K, committed 8984K, reserved 1048576K
}
Event: 86.190 GC heap before
{Heap before GC invocations=17 (full 3):
 PSYoungGen      total 247296K, used 243513K [0x00000000e0000000, 0x00000000f6b80000, 0x0000000100000000)
  eden space 227840K, 100% used [0x00000000e0000000,0x00000000ede80000,0x00000000ede80000)
  from space 19456K, 80% used [0x00000000ede80000,0x00000000eedce700,0x00000000ef180000)
  to   space 20992K, 0% used [0x00000000f5700000,0x00000000f5700000,0x00000000f6b80000)
 ParOldGen       total 92160K, used 26441K [0x00000000a0000000, 0x00000000a5a00000, 0x00000000e0000000)
  object space 92160K, 28% used [0x00000000a0000000,0x00000000a19d27e8,0x00000000a5a00000)
 Metaspace       used 64303K, capacity 66326K, committed 66456K, reserved 1105920K
  class space    used 8600K, capacity 9076K, committed 9112K, reserved 1048576K
Event: 86.217 GC heap after
Heap after GC invocations=17 (full 3):
 PSYoungGen      total 340992K, used 20990K [0x00000000e0000000, 0x00000000f7a80000, 0x0000000100000000)
  eden space 320000K, 0% used [0x00000000e0000000,0x00000000e0000000,0x00000000f3880000)
  from space 20992K, 99% used [0x00000000f5700000,0x00000000f6b7f9d8,0x00000000f6b80000)
  to   space 31232K, 0% used [0x00000000f3880000,0x00000000f3880000,0x00000000f5700000)
 ParOldGen       total 92160K, used 45435K [0x00000000a0000000, 0x00000000a5a00000, 0x00000000e0000000)
  object space 92160K, 49% used [0x00000000a0000000,0x00000000a2c5ecc0,0x00000000a5a00000)
 Metaspace       used 64303K, capacity 66326K, committed 66456K, reserved 1105920K
  class space    used 8600K, capacity 9076K, committed 9112K, reserved 1048576K
}
Event: 149.677 GC heap before
{Heap before GC invocations=18 (full 3):
 PSYoungGen      total 340992K, used 340990K [0x00000000e0000000, 0x00000000f7a80000, 0x0000000100000000)
  eden space 320000K, 100% used [0x00000000e0000000,0x00000000f3880000,0x00000000f3880000)
  from space 20992K, 99% used [0x00000000f5700000,0x00000000f6b7f9d8,0x00000000f6b80000)
  to   space 31232K, 0% used [0x00000000f3880000,0x00000000f3880000,0x00000000f5700000)
 ParOldGen       total 92160K, used 45435K [0x00000000a0000000, 0x00000000a5a00000, 0x00000000e0000000)
  object space 92160K, 49% used [0x00000000a0000000,0x00000000a2c5ecc0,0x00000000a5a00000)
 Metaspace       used 70098K, capacity 72414K, committed 72728K, reserved 1112064K
  class space    used 9220K, capacity 9678K, committed 9752K, reserved 1048576K
Event: 149.701 GC heap after
Heap after GC invocations=18 (full 3):
 PSYoungGen      total 351232K, used 16963K [0x00000000e0000000, 0x00000000fef80000, 0x0000000100000000)
  eden space 320000K, 0% used [0x00000000e0000000,0x00000000e0000000,0x00000000f3880000)
  from space 31232K, 54% used [0x00000000f3880000,0x00000000f4910d18,0x00000000f5700000)
  to   space 31232K, 0% used [0x00000000fd100000,0x00000000fd100000,0x00000000fef80000)
 ParOldGen       total 92160K, used 50484K [0x00000000a0000000, 0x00000000a5a00000, 0x00000000e0000000)
  object space 92160K, 54% used [0x00000000a0000000,0x00000000a314d390,0x00000000a5a00000)
 Metaspace       used 70098K, capacity 72414K, committed 72728K, reserved 1112064K
  class space    used 9220K, capacity 9678K, committed 9752K, reserved 1048576K
}
Event: 1295.000 GC heap before
{Heap before GC invocations=19 (full 3):
 PSYoungGen      total 351232K, used 336963K [0x00000000e0000000, 0x00000000fef80000, 0x0000000100000000)
  eden space 320000K, 100% used [0x00000000e0000000,0x00000000f3880000,0x00000000f3880000)
  from space 31232K, 54% used [0x00000000f3880000,0x00000000f4910d18,0x00000000f5700000)
  to   space 31232K, 0% used [0x00000000fd100000,0x00000000fd100000,0x00000000fef80000)
 ParOldGen       total 92160K, used 50484K [0x00000000a0000000, 0x00000000a5a00000, 0x00000000e0000000)
  object space 92160K, 54% used [0x00000000a0000000,0x00000000a314d390,0x00000000a5a00000)
 Metaspace       used 85734K, capacity 88982K, committed 89112K, reserved 1126400K
  class space    used 11131K, capacity 11756K, committed 11800K, reserved 1048576K
Event: 1295.034 GC heap after
Heap after GC invocations=19 (full 3):
 PSYoungGen      total 457728K, used 25959K [0x00000000e0000000, 0x00000000fea80000, 0x0000000100000000)
  eden space 431616K, 0% used [0x00000000e0000000,0x00000000e0000000,0x00000000fa580000)
  from space 26112K, 99% used [0x00000000fd100000,0x00000000fea59d70,0x00000000fea80000)
  to   space 34304K, 0% used [0x00000000fa780000,0x00000000fa780000,0x00000000fc900000)
 ParOldGen       total 92160K, used 58488K [0x00000000a0000000, 0x00000000a5a00000, 0x00000000e0000000)
  object space 92160K, 63% used [0x00000000a0000000,0x00000000a391e1a0,0x00000000a5a00000)
 Metaspace       used 85734K, capacity 88982K, committed 89112K, reserved 1126400K
  class space    used 11131K, capacity 11756K, committed 11800K, reserved 1048576K
}

Deoptimization events (10 events):
Event: 1295.080 Thread 0x000000001f232800 Uncommon trap: reason=unstable_if action=reinterpret pc=0x00000000041afe9c method=com.google.common.collect.HashBiMap.insert(Lcom/google/common/collect/HashBiMap$BiEntry;Lcom/google/common/collect/HashBiMap$BiEntry;)V @ 78
Event: 1295.080 Thread 0x000000001f232800 Uncommon trap: reason=bimorphic action=maybe_recompile pc=0x00000000041b458c method=com.google.common.collect.Hashing.smearedHash(Ljava/lang/Object;)I @ 9
Event: 1295.080 Thread 0x000000001f232800 Uncommon trap: reason=bimorphic action=maybe_recompile pc=0x00000000041b458c method=com.google.common.collect.Hashing.smearedHash(Ljava/lang/Object;)I @ 9
Event: 1295.080 Thread 0x000000001f232800 Uncommon trap: reason=unstable_if action=reinterpret pc=0x00000000041b5450 method=com.google.common.collect.HashBiMap.seekByValue(Ljava/lang/Object;I)Lcom/google/common/collect/HashBiMap$BiEntry; @ 21
Event: 1295.080 Thread 0x000000001f232800 Uncommon trap: reason=unstable_if action=reinterpret pc=0x00000000036764d4 method=com.google.common.base.Objects.equal(Ljava/lang/Object;Ljava/lang/Object;)Z @ 14
Event: 1295.080 Thread 0x000000001f232800 Uncommon trap: reason=bimorphic action=maybe_recompile pc=0x00000000041b458c method=com.google.common.collect.Hashing.smearedHash(Ljava/lang/Object;)I @ 9
Event: 1295.090 Thread 0x000000001f232800 Uncommon trap: reason=unstable_if action=reinterpret pc=0x00000000041cf850 method=java.security.Provider$ServiceKey.matches(Ljava/lang/String;Ljava/lang/String;)Z @ 5
Event: 1295.100 Thread 0x000000001f232800 Uncommon trap: reason=bimorphic action=maybe_recompile pc=0x00000000041b81c8 method=java.io.SequenceInputStream.nextStream()V @ 11
Event: 1295.100 Thread 0x000000001f232800 Uncommon trap: reason=bimorphic action=maybe_recompile pc=0x00000000041b81c8 method=java.io.SequenceInputStream.nextStream()V @ 11
Event: 1295.100 Thread 0x000000001f232800 Uncommon trap: reason=bimorphic action=maybe_recompile pc=0x00000000041b81c8 method=java.io.SequenceInputStream.nextStream()V @ 11

Classes redefined (0 events):
No events

Internal exceptions (10 events):
Event: 1288.496 Thread 0x000000001f232000 Exception <a 'java/lang/NoSuchMethodError': java.lang.Object.lambda$static$0(Ljava/lang/String;)Z> (0x00000000eeb7b5f8) thrown at [D:\src\AOSP-openjdk-cygwin\jdk8u\hotspot\src\share\vm\interpreter\linkResolver.cpp, line 584]
Event: 1288.537 Thread 0x000000001f232000 Exception <a 'sun/nio/fs/WindowsException'> (0x00000000eede93b8) thrown at [D:\src\AOSP-openjdk-cygwin\jdk8u\hotspot\src\share\vm\prims\jni.cpp, line 709]
Event: 1289.190 Thread 0x000000001f232000 Exception <a 'sun/nio/fs/WindowsException'> (0x00000000f10e2b88) thrown at [D:\src\AOSP-openjdk-cygwin\jdk8u\hotspot\src\share\vm\prims\jni.cpp, line 709]
Event: 1289.195 Thread 0x000000001f232000 Exception <a 'sun/nio/fs/WindowsException'> (0x00000000f10fed38) thrown at [D:\src\AOSP-openjdk-cygwin\jdk8u\hotspot\src\share\vm\prims\jni.cpp, line 709]
Event: 1294.564 Thread 0x000000001f233800 Exception <a 'sun/nio/fs/WindowsException'> (0x00000000f1710ee8) thrown at [D:\src\AOSP-openjdk-cygwin\jdk8u\hotspot\src\share\vm\prims\jni.cpp, line 709]
Event: 1294.634 Thread 0x000000001f230800 Implicit null exception at 0x0000000002ba3daf to 0x0000000002ba3ea1
Event: 1294.634 Thread 0x000000001f22c800 Implicit null exception at 0x0000000002ba3daf to 0x0000000002ba3ea1
Event: 1294.634 Thread 0x000000001f231000 Implicit null exception at 0x0000000002ba3daf to 0x0000000002ba3ea1
Event: 1294.799 Thread 0x000000001f22c800 Exception <a 'sun/nio/fs/WindowsException'> (0x00000000f28ef948) thrown at [D:\src\AOSP-openjdk-cygwin\jdk8u\hotspot\src\share\vm\prims\jni.cpp, line 709]
Event: 1295.080 Thread 0x000000001f232800 Implicit null exception at 0x00000000041afdcc to 0x00000000041afe89

Events (10 events):
Event: 1295.100 Thread 0x000000001f232800 DEOPT UNPACKING pc=0x0000000002a5557b sp=0x000000002c6ae510 mode 2
Event: 1295.100 Thread 0x000000001f232800 Uncommon trap: trap_request=0xffffffc6 fr.pc=0x00000000041b81c8
Event: 1295.100 Thread 0x000000001f232800 DEOPT PACKING pc=0x00000000041b81c8 sp=0x000000002c6ae510
Event: 1295.100 Thread 0x000000001f232800 DEOPT UNPACKING pc=0x0000000002a5557b sp=0x000000002c6ae510 mode 2
Event: 1295.100 Thread 0x000000001f232800 Uncommon trap: trap_request=0xffffffc6 fr.pc=0x00000000041b81c8
Event: 1295.100 Thread 0x000000001f232800 DEOPT PACKING pc=0x00000000041b81c8 sp=0x000000002c6ae510
Event: 1295.100 Thread 0x000000001f232800 DEOPT UNPACKING pc=0x0000000002a5557b sp=0x000000002c6ae510 mode 2
Event: 1295.190 Executing VM operation: RevokeBias
Event: 1295.191 Executing VM operation: RevokeBias done
Event: 1295.191 Thread 0x000000001f233800 Thread exited: 0x000000001f233800


Dynamic libraries:
0x00007ff7a4b80000 - 0x00007ff7a4bb1000 	C:\Program Files\Android\Android Studio\jre\bin\java.exe
0x00007ff928ab0000 - 0x00007ff928c8b000 	C:\Windows\SYSTEM32\ntdll.dll
0x00007ff927510000 - 0x00007ff9275be000 	C:\Windows\System32\KERNEL32.DLL
0x00007ff925430000 - 0x00007ff925679000 	C:\Windows\System32\KERNELBASE.dll
0x00007ff925ff0000 - 0x00007ff926091000 	C:\Windows\System32\ADVAPI32.dll
0x00007ff9289e0000 - 0x00007ff928a7d000 	C:\Windows\System32\msvcrt.dll
0x00007ff927cb0000 - 0x00007ff927d09000 	C:\Windows\System32\sechost.dll
0x00007ff927f90000 - 0x00007ff9280b5000 	C:\Windows\System32\RPCRT4.dll
0x00007ff927880000 - 0x00007ff9279ca000 	C:\Windows\System32\USER32.dll
0x00007ff925680000 - 0x00007ff92569e000 	C:\Windows\System32\win32u.dll
0x00007ff9289b0000 - 0x00007ff9289d7000 	C:\Windows\System32\GDI32.dll
0x00007ff9256a0000 - 0x00007ff925829000 	C:\Windows\System32\gdi32full.dll
0x00007ff924fa0000 - 0x00007ff92503a000 	C:\Windows\System32\msvcp_win.dll
0x00007ff925040000 - 0x00007ff925136000 	C:\Windows\System32\ucrtbase.dll
0x00007ff91a9a0000 - 0x00007ff91ac07000 	C:\Windows\WinSxS\amd64_microsoft.windows.common-controls_6595b64144ccf1df_6.0.15063.0_none_108e4f62dfe5d999\COMCTL32.dll
0x00007ff9286a0000 - 0x00007ff928999000 	C:\Windows\System32\combase.dll
0x00007ff9253c0000 - 0x00007ff92542a000 	C:\Windows\System32\bcryptPrimitives.dll
0x00007ff9274e0000 - 0x00007ff92750d000 	C:\Windows\System32\IMM32.DLL
0x0000000074190000 - 0x0000000074262000 	C:\Program Files\Android\Android Studio\jre\jre\bin\msvcr100.dll
0x00000000731a0000 - 0x00000000739e1000 	C:\Program Files\Android\Android Studio\jre\jre\bin\server\jvm.dll
0x00007ff927f80000 - 0x00007ff927f88000 	C:\Windows\System32\PSAPI.DLL
0x00007ff919fb0000 - 0x00007ff919fb9000 	C:\Windows\SYSTEM32\WSOCK32.dll
0x00007ff9277b0000 - 0x00007ff92781c000 	C:\Windows\System32\WS2_32.dll
0x00007ff923460000 - 0x00007ff923483000 	C:\Windows\SYSTEM32\WINMM.dll
0x00007ff91c560000 - 0x00007ff91c56a000 	C:\Windows\SYSTEM32\VERSION.dll
0x00007ff923400000 - 0x00007ff92342b000 	C:\Windows\SYSTEM32\WINMMBASE.dll
0x00007ff925f90000 - 0x00007ff925fd9000 	C:\Windows\System32\cfgmgr32.dll
0x00007ff916fe0000 - 0x00007ff916fef000 	C:\Program Files\Android\Android Studio\jre\jre\bin\verify.dll
0x00007ff916f70000 - 0x00007ff916f99000 	C:\Program Files\Android\Android Studio\jre\jre\bin\java.dll
0x00007ff916390000 - 0x00007ff9163a6000 	C:\Program Files\Android\Android Studio\jre\jre\bin\zip.dll
0x00007ff9260a0000 - 0x00007ff9274d7000 	C:\Windows\System32\SHELL32.dll
0x00007ff927700000 - 0x00007ff9277aa000 	C:\Windows\System32\shcore.dll
0x00007ff925890000 - 0x00007ff925f82000 	C:\Windows\System32\windows.storage.dll
0x00007ff9276a0000 - 0x00007ff9276f1000 	C:\Windows\System32\shlwapi.dll
0x00007ff924f80000 - 0x00007ff924f91000 	C:\Windows\System32\kernel.appcore.dll
0x00007ff924f10000 - 0x00007ff924f5c000 	C:\Windows\System32\powrprof.dll
0x00007ff924f60000 - 0x00007ff924f75000 	C:\Windows\System32\profapi.dll
0x00007ff916300000 - 0x00007ff91631a000 	C:\Program Files\Android\Android Studio\jre\jre\bin\net.dll
0x00007ff9247a0000 - 0x00007ff9247fc000 	C:\Windows\system32\mswsock.dll
0x00007ff9162a0000 - 0x00007ff9162b1000 	C:\Program Files\Android\Android Studio\jre\jre\bin\nio.dll
0x00007ff915ae0000 - 0x00007ff915afe000 	C:\Users\fariseev-ps.KPMES\.gradle\native\25\windows-amd64\native-platform.dll
0x00007ff916f30000 - 0x00007ff916f3d000 	C:\Program Files\Android\Android Studio\jre\jre\bin\management.dll
0x00007ff924950000 - 0x00007ff924967000 	C:\Windows\SYSTEM32\CRYPTSP.dll
0x00007ff9243d0000 - 0x00007ff924404000 	C:\Windows\system32\rsaenh.dll
0x00007ff924dc0000 - 0x00007ff924de5000 	C:\Windows\SYSTEM32\bcrypt.dll
0x00007ff924df0000 - 0x00007ff924e19000 	C:\Windows\SYSTEM32\USERENV.dll
0x00007ff924940000 - 0x00007ff92494b000 	C:\Windows\SYSTEM32\CRYPTBASE.dll
0x00007ff924540000 - 0x00007ff924577000 	C:\Windows\SYSTEM32\IPHLPAPI.DLL
0x00007ff9289a0000 - 0x00007ff9289a8000 	C:\Windows\System32\NSI.dll
0x00007ff922310000 - 0x00007ff922326000 	C:\Windows\SYSTEM32\dhcpcsvc6.DLL
0x00007ff9222f0000 - 0x00007ff92230a000 	C:\Windows\SYSTEM32\dhcpcsvc.DLL
0x00007ff920a40000 - 0x00007ff920abe000 	C:\Windows\system32\apphelp.dll

VM Arguments:
jvm_args: -Xmx1536m -Dfile.encoding=windows-1251 -Duser.country=RU -Duser.language=ru -Duser.variant 
java_command: org.gradle.launcher.daemon.bootstrap.GradleDaemon 5.1.1
java_class_path (initial): C:\Users\fariseev-ps.KPMES\.gradle\wrapper\dists\gradle-5.1.1-all\97z1ksx6lirer3kbvdnh7jtjg\gradle-5.1.1\lib\gradle-launcher-5.1.1.jar
Launcher Type: SUN_STANDARD

Environment Variables:
PATH=C:\Program Files (x86)\Common Files\Oracle\Java\javapath;C:\ProgramData\Oracle\Java\javapath;C:\Windows\system32;C:\Windows;C:\Windows\System32\Wbem;C:\Windows\System32\WindowsPowerShell\v1.0\;C:\Users\fariseev-ps.KPMES\AppData\Local\Programs\Python\Python37-32;C:\adb;C:\Program Files (x86)\Siemens\HiPath 4000 Expert Access\;C:\Users\fariseev-ps.KPMES\AppData\Local\Programs\Python\Python37-32;C:\Users\fariseev-ps.KPMES\AppData\Local\GitHubDesktop\bin
USERNAME=Fariseev-PS
OS=Windows_NT
PROCESSOR_IDENTIFIER=Intel64 Family 6 Model 60 Stepping 3, GenuineIntel



---------------  S Y S T E M  ---------------

OS: Windows 10.0 , 64 bit Build 15063 (10.0.15063.0)

CPU:total 4 (initial active 4) (4 cores per cpu, 1 threads per core) family 6 model 60 stepping 3, cmov, cx8, fxsr, mmx, sse, sse2, sse3, ssse3, sse4.1, sse4.2, popcnt, avx, avx2, aes, clmul, erms, lzcnt, tsc, tscinvbit, bmi1, bmi2

Memory: 4k page, physical 8179368k(715164k free), swap 8179368k(3440k free)

vm_info: OpenJDK 64-Bit Server VM (25.152-b01) for windows-amd64 JRE (1.8.0_152-release-1343-b01), built by "builder" with MS VC++ 10.0 (VS2010)

time: Thu Aug 08 08:54:56 2019
elapsed time: 1295 seconds (0d 0h 21m 35s)

